INNNNNNNNNNNNNNNNNNNNNNNNNNN
kiosk / 
Calling wait
/project/plab/performance/newtools/heapDumpCapture/../scripts/getTomcatPID.sh: line 2: /opt/mw/java/jdk1.7.0_06/bin/jps: No such file or directory
/project/plab/performance/newtools/heapDumpCapture/calculateHeapSize.sh: line 2: /opt/mw/java/jdk1.7.0_06/bin/jstat: No such file or directory
 / 0
heap smaller than 1500
completed, iteration: 1, size: 0
INSIDE CAPTURE METOD
INSIDEEEEEEEEEEEEEEEEEE
capturing PID: /ssci-kiosk-B6-t1d.20140304_152112.pleaseIgnore.hprof
Usage:
    jmap [option] <pid>
        (to connect to running process)
    jmap [option] <executable <core>
        (to connect to a core file)
    jmap [option] [server_id@]<remote server IP or hostname>
        (to connect to remote debug server)

where <option> is one of:
    <none>               to print same info as Solaris pmap
    -heap                to print java heap summary
    -histo[:live]        to print histogram of java object heap; if the "live"
                         suboption is specified, only count live objects
    -permstat            to print permanent generation statistics
    -finalizerinfo       to print information on objects awaiting finalization
    -dump:<dump-options> to dump java heap in hprof binary format
                         dump-options:
                           live         dump only live objects; if not specified,
                                        all objects in the heap are dumped.
                           format=b     binary format
                           file=<file>  dump heap to <file>
                         Example: jmap -dump:live,format=b,file=heap.bin <pid>
    -F                   force. Use with -dump:<dump-options> <pid> or -histo
                         to force a heap dump or histogram when <pid> does not
                         respond. The "live" suboption is not supported
                         in this mode.
    -h | -help           to print this help message
    -J<flag>             to pass <flag> directly to the runtime system
chmod: cannot access `sandeep.gogna.ctr@sabre.com,sebastian.puzon@sabre.com,SameerAhmed.Mohammed.ctr@sabre.com': No such file or directory
ls: sandeep.gogna.ctr@sabre.com,sebastian.puzon@sabre.com,SameerAhmed.Mohammed.ctr@sabre.com: No such file or directory
compressing ...
gzip: sandeep.gogna.ctr@sabre.com,sebastian.puzon@sabre.com,SameerAhmed.Mohammed.ctr@sabre.com: No such file or directory
ls: sandeep.gogna.ctr@sabre.com,sebastian.puzon@sabre.com,SameerAhmed.Mohammed.ctr@sabre.com.gz: No such file or directory
heap dump capture complete
