INNNNNNNNNNNNNNNNNNNNNNNNNNN
kiosk / 
Calling wait
/project/plab/performance/newtools/heapDumpCapture/../scripts/getTomcatPID.sh: line 2: /opt/mw/java/jdk1.7.0_06/bin/jps: No such file or directory
/project/plab/performance/newtools/heapDumpCapture/calculateHeapSize.sh: line 2: /opt/mw/java/jdk1.7.0_06/bin/jstat: No such file or directory
 / 0
heap smaller than 1500
completed, iteration: 1, size: 0
INSIDE CAPTURE METOD
INSIDEEEEEEEEEEEEEEEEEE
capturing PID: /ssci-kiosk-B6-t1d.20140305_124001.sadaasd.hprof
Attaching to remote server /ssci-kiosk-B6-t1d.20140305_124001.sadaasd.hprof, please wait...
Error attaching to remote server: java.rmi.ConnectException: Connection refused to host: 10.14.5.168; nested exception is: 
	java.net.ConnectException: Connection refused
chmod: cannot access `sandeep.gogna.ctr@sabre.com': No such file or directory
ls: sandeep.gogna.ctr@sabre.com: No such file or directory
compressing ...
gzip: sandeep.gogna.ctr@sabre.com: No such file or directory
ls: sandeep.gogna.ctr@sabre.com.gz: No such file or directory
heap dump capture complete
