2014-04-07 14:28:01 FileSystemXmlApplicationContext [INFO] Refreshing org.springframework.context.support.FileSystemXmlApplicationContext@16b1a9a8: startup date [Mon Apr 07 14:28:01 CDT 2014]; root of context hierarchy
2014-04-07 14:28:01 XmlBeanDefinitionReader [INFO] Loading XML bean definitions from file [/project/plab/performance/newtools/shadowtail/configs/ssci-kiosk-B6-t1.xml]
2014-04-07 14:28:02 XmlBeanDefinitionReader [INFO] Loading XML bean definitions from file [/project/plab/performance/newtools/shadowtail/configs/jvm.xml]
2014-04-07 14:28:02 XmlBeanDefinitionReader [INFO] Loading XML bean definitions from file [/project/plab/performance/newtools/shadowtail/configs/catalina-T2.xml]
2014-04-07 14:28:02 XmlBeanDefinitionReader [INFO] Loading XML bean definitions from file [/project/plab/performance/newtools/shadowtail/configs/catalina-http.xml]
2014-04-07 14:28:02 XmlBeanDefinitionReader [INFO] Loading XML bean definitions from file [/project/plab/performance/newtools/shadowtail/configs/ibe-empty.xml]
2014-04-07 14:28:02 XmlBeanDefinitionReader [INFO] Loading XML bean definitions from file [/project/plab/performance/newtools/shadowtail/configs/default.xml]
2014-04-07 14:28:02 DefaultListableBeanFactory [INFO] Pre-instantiating singletons in org.springframework.beans.factory.support.DefaultListableBeanFactory@58ba3f75: defining beans [org.springframework.beans.factory.config.PropertyPlaceholderConfigurer#0,loadedClassCount,unloadedClassCount,serverLoad,processCpuTime,AvailableProcessors,UpTime,cpuUtilizationStatistic,threadCount,heapMemoryUsed,cmsCount,cmsTime,parNewCount,parNewTime,throughput,periodicalThroughput,jvmStatisticsList,jvm_group,MBeanFactory,httpMBean,http-ThreadsBusy,http-ThreadsCount,catalina-http-StatisticsList,catalinaStatisticsList,ibeStatisticsList,JMXAttributeAspectBean,org.springframework.aop.config.internalAutoProxyCreator,jmxAttributeGetValuePointcut,jmxAttributeGetValueAsStringPointcut,org.springframework.aop.aspectj.AspectJPointcutAdvisor#0,org.springframework.aop.aspectj.AspectJPointcutAdvisor#1,credentials,clientConnector,timestamp,dateTime,date,time,timeServer,timeStatisticsList,fileFactory,baseDir,statisticsList,group,statLogger,logTask,scheduledTask,timerFactory]; root of factory hierarchy
2014-04-07 14:28:02 CpuUtilizationStatistic [INFO] CpuUtilizationStatistic constructor
2014-04-07 14:28:02 CpuUtilizationStatistic [INFO] CpuUtilizationStatistic constructor
2014-04-07 14:28:02 CpuUtilizationStatistic [INFO] CpuUtilizationStatistic constructor
2014-04-07 14:28:03 TimerFactoryBean [INFO] Initializing Timer
2014-04-07 15:18:02 FileSystemXmlApplicationContext [INFO] Refreshing org.springframework.context.support.FileSystemXmlApplicationContext@69f9603b: startup date [Mon Apr 07 15:18:02 CDT 2014]; root of context hierarchy
2014-04-07 15:18:02 XmlBeanDefinitionReader [INFO] Loading XML bean definitions from file [/project/plab/performance/newtools/shadowtail/configs/ssci-kiosk-B6-t1.xml]
2014-04-07 15:18:02 XmlBeanDefinitionReader [INFO] Loading XML bean definitions from file [/project/plab/performance/newtools/shadowtail/configs/jvm.xml]
2014-04-07 15:18:02 XmlBeanDefinitionReader [INFO] Loading XML bean definitions from file [/project/plab/performance/newtools/shadowtail/configs/catalina-T2.xml]
2014-04-07 15:18:02 XmlBeanDefinitionReader [INFO] Loading XML bean definitions from file [/project/plab/performance/newtools/shadowtail/configs/catalina-http.xml]
2014-04-07 15:18:02 XmlBeanDefinitionReader [INFO] Loading XML bean definitions from file [/project/plab/performance/newtools/shadowtail/configs/ibe-empty.xml]
2014-04-07 15:18:02 XmlBeanDefinitionReader [INFO] Loading XML bean definitions from file [/project/plab/performance/newtools/shadowtail/configs/default.xml]
2014-04-07 15:18:02 DefaultListableBeanFactory [INFO] Pre-instantiating singletons in org.springframework.beans.factory.support.DefaultListableBeanFactory@2b9c47d5: defining beans [org.springframework.beans.factory.config.PropertyPlaceholderConfigurer#0,loadedClassCount,unloadedClassCount,serverLoad,processCpuTime,AvailableProcessors,UpTime,cpuUtilizationStatistic,threadCount,heapMemoryUsed,cmsCount,cmsTime,parNewCount,parNewTime,throughput,periodicalThroughput,jvmStatisticsList,jvm_group,MBeanFactory,httpMBean,http-ThreadsBusy,http-ThreadsCount,catalina-http-StatisticsList,catalinaStatisticsList,ibeStatisticsList,JMXAttributeAspectBean,org.springframework.aop.config.internalAutoProxyCreator,jmxAttributeGetValuePointcut,jmxAttributeGetValueAsStringPointcut,org.springframework.aop.aspectj.AspectJPointcutAdvisor#0,org.springframework.aop.aspectj.AspectJPointcutAdvisor#1,credentials,clientConnector,timestamp,dateTime,date,time,timeServer,timeStatisticsList,fileFactory,baseDir,statisticsList,group,statLogger,logTask,scheduledTask,timerFactory]; root of factory hierarchy
2014-04-07 15:18:03 CpuUtilizationStatistic [INFO] CpuUtilizationStatistic constructor
2014-04-07 15:18:03 CpuUtilizationStatistic [INFO] CpuUtilizationStatistic constructor
2014-04-07 15:18:03 CpuUtilizationStatistic [INFO] CpuUtilizationStatistic constructor
2014-04-07 15:18:03 TimerFactoryBean [INFO] Initializing Timer
2014-04-07 15:19:01 ShadowtailLogAggregator [INFO] Processing file: /project/plab/performance/newtools/shadowtail/../artifacts/SSCI/shadowtail/ssci-kiosk-B6-t1/ssci-kiosk-B6-t1-2014-03-31-0-Test1.log
2014-04-07 15:19:01 ClassPathXmlApplicationContext [INFO] Refreshing org.springframework.context.support.ClassPathXmlApplicationContext@1fc5524: startup date [Mon Apr 07 15:19:01 CDT 2014]; root of context hierarchy
2014-04-07 15:19:01 XmlBeanDefinitionReader [INFO] Loading XML bean definitions from class path resource [configs/shadowtail/appenderAggregator.xml]
2014-04-07 15:19:01 XmlBeanDefinitionReader [INFO] Loading XML bean definitions from class path resource [configs/shadowtail/general.xml]
2014-04-07 15:19:01 DefaultListableBeanFactory [INFO] Pre-instantiating singletons in org.springframework.beans.factory.support.DefaultListableBeanFactory@538ce197: defining beans [fileProcessor,Preparer]; root of factory hierarchy
2014-04-07 15:28:02 FileSystemXmlApplicationContext [INFO] Refreshing org.springframework.context.support.FileSystemXmlApplicationContext@1cfcc426: startup date [Mon Apr 07 15:28:02 CDT 2014]; root of context hierarchy
2014-04-07 15:28:02 XmlBeanDefinitionReader [INFO] Loading XML bean definitions from file [/project/plab/performance/newtools/shadowtail/configs/ssci-kiosk-B6-t1.xml]
2014-04-07 15:28:02 XmlBeanDefinitionReader [INFO] Loading XML bean definitions from file [/project/plab/performance/newtools/shadowtail/configs/jvm.xml]
2014-04-07 15:28:02 XmlBeanDefinitionReader [INFO] Loading XML bean definitions from file [/project/plab/performance/newtools/shadowtail/configs/catalina-T2.xml]
2014-04-07 15:28:02 XmlBeanDefinitionReader [INFO] Loading XML bean definitions from file [/project/plab/performance/newtools/shadowtail/configs/catalina-http.xml]
2014-04-07 15:28:02 XmlBeanDefinitionReader [INFO] Loading XML bean definitions from file [/project/plab/performance/newtools/shadowtail/configs/ibe-empty.xml]
2014-04-07 15:28:02 XmlBeanDefinitionReader [INFO] Loading XML bean definitions from file [/project/plab/performance/newtools/shadowtail/configs/default.xml]
2014-04-07 15:28:02 DefaultListableBeanFactory [INFO] Pre-instantiating singletons in org.springframework.beans.factory.support.DefaultListableBeanFactory@2b9c47d5: defining beans [org.springframework.beans.factory.config.PropertyPlaceholderConfigurer#0,loadedClassCount,unloadedClassCount,serverLoad,processCpuTime,AvailableProcessors,UpTime,cpuUtilizationStatistic,threadCount,heapMemoryUsed,cmsCount,cmsTime,parNewCount,parNewTime,throughput,periodicalThroughput,jvmStatisticsList,jvm_group,MBeanFactory,httpMBean,http-ThreadsBusy,http-ThreadsCount,catalina-http-StatisticsList,catalinaStatisticsList,ibeStatisticsList,JMXAttributeAspectBean,org.springframework.aop.config.internalAutoProxyCreator,jmxAttributeGetValuePointcut,jmxAttributeGetValueAsStringPointcut,org.springframework.aop.aspectj.AspectJPointcutAdvisor#0,org.springframework.aop.aspectj.AspectJPointcutAdvisor#1,credentials,clientConnector,timestamp,dateTime,date,time,timeServer,timeStatisticsList,fileFactory,baseDir,statisticsList,group,statLogger,logTask,scheduledTask,timerFactory]; root of factory hierarchy
2014-04-07 15:28:02 CpuUtilizationStatistic [INFO] CpuUtilizationStatistic constructor
2014-04-07 15:28:03 CpuUtilizationStatistic [INFO] CpuUtilizationStatistic constructor
2014-04-07 15:28:03 CpuUtilizationStatistic [INFO] CpuUtilizationStatistic constructor
2014-04-07 15:28:03 TimerFactoryBean [INFO] Initializing Timer
2014-04-07 15:31:01 ShadowtailLogAggregator [INFO] Processing file: /project/plab/performance/newtools/shadowtail/../artifacts/SSCI/shadowtail/ssci-kiosk-B6-t1/ssci-kiosk-B6-t1-2014-03-31-0-Test1.log
2014-04-07 15:31:01 ClassPathXmlApplicationContext [INFO] Refreshing org.springframework.context.support.ClassPathXmlApplicationContext@5d39af80: startup date [Mon Apr 07 15:31:01 CDT 2014]; root of context hierarchy
2014-04-07 15:31:01 XmlBeanDefinitionReader [INFO] Loading XML bean definitions from class path resource [configs/shadowtail/appenderAggregator.xml]
2014-04-07 15:31:01 XmlBeanDefinitionReader [INFO] Loading XML bean definitions from class path resource [configs/shadowtail/general.xml]
2014-04-07 15:31:01 DefaultListableBeanFactory [INFO] Pre-instantiating singletons in org.springframework.beans.factory.support.DefaultListableBeanFactory@462eab5b: defining beans [fileProcessor,Preparer]; root of factory hierarchy
2014-04-07 15:41:01 FileSystemXmlApplicationContext [INFO] Refreshing org.springframework.context.support.FileSystemXmlApplicationContext@16b1a9a8: startup date [Mon Apr 07 15:41:01 CDT 2014]; root of context hierarchy
2014-04-07 15:41:01 XmlBeanDefinitionReader [INFO] Loading XML bean definitions from file [/project/plab/performance/newtools/shadowtail/configs/ssci-kiosk-B6-t1.xml]
2014-04-07 15:41:01 XmlBeanDefinitionReader [INFO] Loading XML bean definitions from file [/project/plab/performance/newtools/shadowtail/configs/jvm.xml]
2014-04-07 15:41:01 XmlBeanDefinitionReader [INFO] Loading XML bean definitions from file [/project/plab/performance/newtools/shadowtail/configs/catalina-T2.xml]
2014-04-07 15:41:01 XmlBeanDefinitionReader [INFO] Loading XML bean definitions from file [/project/plab/performance/newtools/shadowtail/configs/catalina-http.xml]
2014-04-07 15:41:01 XmlBeanDefinitionReader [INFO] Loading XML bean definitions from file [/project/plab/performance/newtools/shadowtail/configs/ibe-empty.xml]
2014-04-07 15:41:01 XmlBeanDefinitionReader [INFO] Loading XML bean definitions from file [/project/plab/performance/newtools/shadowtail/configs/default.xml]
2014-04-07 15:41:01 DefaultListableBeanFactory [INFO] Pre-instantiating singletons in org.springframework.beans.factory.support.DefaultListableBeanFactory@2b9c47d5: defining beans [org.springframework.beans.factory.config.PropertyPlaceholderConfigurer#0,loadedClassCount,unloadedClassCount,serverLoad,processCpuTime,AvailableProcessors,UpTime,cpuUtilizationStatistic,threadCount,heapMemoryUsed,cmsCount,cmsTime,parNewCount,parNewTime,throughput,periodicalThroughput,jvmStatisticsList,jvm_group,MBeanFactory,httpMBean,http-ThreadsBusy,http-ThreadsCount,catalina-http-StatisticsList,catalinaStatisticsList,ibeStatisticsList,JMXAttributeAspectBean,org.springframework.aop.config.internalAutoProxyCreator,jmxAttributeGetValuePointcut,jmxAttributeGetValueAsStringPointcut,org.springframework.aop.aspectj.AspectJPointcutAdvisor#0,org.springframework.aop.aspectj.AspectJPointcutAdvisor#1,credentials,clientConnector,timestamp,dateTime,date,time,timeServer,timeStatisticsList,fileFactory,baseDir,statisticsList,group,statLogger,logTask,scheduledTask,timerFactory]; root of factory hierarchy
2014-04-07 15:41:02 CpuUtilizationStatistic [INFO] CpuUtilizationStatistic constructor
2014-04-07 15:41:02 CpuUtilizationStatistic [INFO] CpuUtilizationStatistic constructor
2014-04-07 15:41:02 CpuUtilizationStatistic [INFO] CpuUtilizationStatistic constructor
2014-04-07 15:41:02 TimerFactoryBean [INFO] Initializing Timer
2014-04-07 15:44:02 FileSystemXmlApplicationContext [INFO] Refreshing org.springframework.context.support.FileSystemXmlApplicationContext@16b1a9a8: startup date [Mon Apr 07 15:44:02 CDT 2014]; root of context hierarchy
2014-04-07 15:44:02 XmlBeanDefinitionReader [INFO] Loading XML bean definitions from file [/project/plab/performance/newtools/shadowtail/configs/ssci-kiosk-B6-t1.xml]
2014-04-07 15:44:02 XmlBeanDefinitionReader [INFO] Loading XML bean definitions from file [/project/plab/performance/newtools/shadowtail/configs/jvm.xml]
2014-04-07 15:44:02 XmlBeanDefinitionReader [INFO] Loading XML bean definitions from file [/project/plab/performance/newtools/shadowtail/configs/catalina-T2.xml]
2014-04-07 15:44:02 XmlBeanDefinitionReader [INFO] Loading XML bean definitions from file [/project/plab/performance/newtools/shadowtail/configs/catalina-http.xml]
2014-04-07 15:44:02 XmlBeanDefinitionReader [INFO] Loading XML bean definitions from file [/project/plab/performance/newtools/shadowtail/configs/ibe-empty.xml]
2014-04-07 15:44:02 XmlBeanDefinitionReader [INFO] Loading XML bean definitions from file [/project/plab/performance/newtools/shadowtail/configs/default.xml]
2014-04-07 15:44:02 DefaultListableBeanFactory [INFO] Pre-instantiating singletons in org.springframework.beans.factory.support.DefaultListableBeanFactory@58ba3f75: defining beans [org.springframework.beans.factory.config.PropertyPlaceholderConfigurer#0,loadedClassCount,unloadedClassCount,serverLoad,processCpuTime,AvailableProcessors,UpTime,cpuUtilizationStatistic,threadCount,heapMemoryUsed,cmsCount,cmsTime,parNewCount,parNewTime,throughput,periodicalThroughput,jvmStatisticsList,jvm_group,MBeanFactory,httpMBean,http-ThreadsBusy,http-ThreadsCount,catalina-http-StatisticsList,catalinaStatisticsList,ibeStatisticsList,JMXAttributeAspectBean,org.springframework.aop.config.internalAutoProxyCreator,jmxAttributeGetValuePointcut,jmxAttributeGetValueAsStringPointcut,org.springframework.aop.aspectj.AspectJPointcutAdvisor#0,org.springframework.aop.aspectj.AspectJPointcutAdvisor#1,credentials,clientConnector,timestamp,dateTime,date,time,timeServer,timeStatisticsList,fileFactory,baseDir,statisticsList,group,statLogger,logTask,scheduledTask,timerFactory]; root of factory hierarchy
2014-04-07 15:44:02 CpuUtilizationStatistic [INFO] CpuUtilizationStatistic constructor
2014-04-07 15:44:02 CpuUtilizationStatistic [INFO] CpuUtilizationStatistic constructor
2014-04-07 15:44:02 CpuUtilizationStatistic [INFO] CpuUtilizationStatistic constructor
2014-04-07 15:44:03 TimerFactoryBean [INFO] Initializing Timer
2014-04-07 15:51:48 FileSystemXmlApplicationContext [INFO] Refreshing org.springframework.context.support.FileSystemXmlApplicationContext@2a616095: startup date [Mon Apr 07 15:51:48 CDT 2014]; root of context hierarchy
2014-04-07 15:51:48 XmlBeanDefinitionReader [INFO] Loading XML bean definitions from file [/project/plab/performance/newtools/shadowtail/configs/ssci-kiosk-B6-t1.xml]
2014-04-07 15:51:48 XmlBeanDefinitionReader [INFO] Loading XML bean definitions from file [/project/plab/performance/newtools/shadowtail/configs/jvm.xml]
2014-04-07 15:51:48 XmlBeanDefinitionReader [INFO] Loading XML bean definitions from file [/project/plab/performance/newtools/shadowtail/configs/catalina-T2.xml]
2014-04-07 15:51:48 XmlBeanDefinitionReader [INFO] Loading XML bean definitions from file [/project/plab/performance/newtools/shadowtail/configs/catalina-http.xml]
2014-04-07 15:51:48 XmlBeanDefinitionReader [INFO] Loading XML bean definitions from file [/project/plab/performance/newtools/shadowtail/configs/ibe-empty.xml]
2014-04-07 15:51:48 XmlBeanDefinitionReader [INFO] Loading XML bean definitions from file [/project/plab/performance/newtools/shadowtail/configs/default.xml]
2014-04-07 15:51:48 DefaultListableBeanFactory [INFO] Pre-instantiating singletons in org.springframework.beans.factory.support.DefaultListableBeanFactory@367bbdc6: defining beans [org.springframework.beans.factory.config.PropertyPlaceholderConfigurer#0,loadedClassCount,unloadedClassCount,serverLoad,processCpuTime,AvailableProcessors,UpTime,cpuUtilizationStatistic,threadCount,heapMemoryUsed,cmsCount,cmsTime,parNewCount,parNewTime,throughput,periodicalThroughput,jvmStatisticsList,jvm_group,MBeanFactory,httpMBean,http-ThreadsBusy,http-ThreadsCount,catalina-http-StatisticsList,catalinaStatisticsList,ibeStatisticsList,JMXAttributeAspectBean,org.springframework.aop.config.internalAutoProxyCreator,jmxAttributeGetValuePointcut,jmxAttributeGetValueAsStringPointcut,org.springframework.aop.aspectj.AspectJPointcutAdvisor#0,org.springframework.aop.aspectj.AspectJPointcutAdvisor#1,credentials,clientConnector,timestamp,dateTime,date,time,timeServer,timeStatisticsList,fileFactory,baseDir,statisticsList,group,statLogger,logTask,scheduledTask,timerFactory]; root of factory hierarchy
2014-04-07 15:51:48 CpuUtilizationStatistic [INFO] CpuUtilizationStatistic constructor
2014-04-07 15:51:49 CpuUtilizationStatistic [INFO] CpuUtilizationStatistic constructor
2014-04-07 15:51:49 CpuUtilizationStatistic [INFO] CpuUtilizationStatistic constructor
2014-04-07 15:51:49 TimerFactoryBean [INFO] Initializing Timer
2014-04-07 15:52:47 FileSystemXmlApplicationContext [INFO] Refreshing org.springframework.context.support.FileSystemXmlApplicationContext@59a04a1b: startup date [Mon Apr 07 15:52:47 CDT 2014]; root of context hierarchy
2014-04-07 15:52:47 XmlBeanDefinitionReader [INFO] Loading XML bean definitions from file [/project/plab/performance/newtools/shadowtail/configs/ssci-kiosk-B6-t1.xml]
2014-04-07 15:52:47 XmlBeanDefinitionReader [INFO] Loading XML bean definitions from file [/project/plab/performance/newtools/shadowtail/configs/jvm.xml]
2014-04-07 15:52:47 XmlBeanDefinitionReader [INFO] Loading XML bean definitions from file [/project/plab/performance/newtools/shadowtail/configs/catalina-T2.xml]
2014-04-07 15:52:47 XmlBeanDefinitionReader [INFO] Loading XML bean definitions from file [/project/plab/performance/newtools/shadowtail/configs/catalina-http.xml]
2014-04-07 15:52:47 XmlBeanDefinitionReader [INFO] Loading XML bean definitions from file [/project/plab/performance/newtools/shadowtail/configs/ibe-empty.xml]
2014-04-07 15:52:47 XmlBeanDefinitionReader [INFO] Loading XML bean definitions from file [/project/plab/performance/newtools/shadowtail/configs/default.xml]
2014-04-07 15:52:47 DefaultListableBeanFactory [INFO] Pre-instantiating singletons in org.springframework.beans.factory.support.DefaultListableBeanFactory@b04cb4: defining beans [org.springframework.beans.factory.config.PropertyPlaceholderConfigurer#0,loadedClassCount,unloadedClassCount,serverLoad,processCpuTime,AvailableProcessors,UpTime,cpuUtilizationStatistic,threadCount,heapMemoryUsed,cmsCount,cmsTime,parNewCount,parNewTime,throughput,periodicalThroughput,jvmStatisticsList,jvm_group,MBeanFactory,httpMBean,http-ThreadsBusy,http-ThreadsCount,catalina-http-StatisticsList,catalinaStatisticsList,ibeStatisticsList,JMXAttributeAspectBean,org.springframework.aop.config.internalAutoProxyCreator,jmxAttributeGetValuePointcut,jmxAttributeGetValueAsStringPointcut,org.springframework.aop.aspectj.AspectJPointcutAdvisor#0,org.springframework.aop.aspectj.AspectJPointcutAdvisor#1,credentials,clientConnector,timestamp,dateTime,date,time,timeServer,timeStatisticsList,fileFactory,baseDir,statisticsList,group,statLogger,logTask,scheduledTask,timerFactory]; root of factory hierarchy
2014-04-07 15:52:48 CpuUtilizationStatistic [INFO] CpuUtilizationStatistic constructor
2014-04-07 15:52:48 CpuUtilizationStatistic [INFO] CpuUtilizationStatistic constructor
2014-04-07 15:52:48 CpuUtilizationStatistic [INFO] CpuUtilizationStatistic constructor
2014-04-07 15:52:48 TimerFactoryBean [INFO] Initializing Timer
2014-04-07 15:53:13 FileSystemXmlApplicationContext [INFO] Refreshing org.springframework.context.support.FileSystemXmlApplicationContext@59a04a1b: startup date [Mon Apr 07 15:53:13 CDT 2014]; root of context hierarchy
2014-04-07 15:53:13 XmlBeanDefinitionReader [INFO] Loading XML bean definitions from file [/project/plab/performance/newtools/shadowtail/configs/ssci-kiosk-B6-t1.xml]
2014-04-07 15:53:13 XmlBeanDefinitionReader [INFO] Loading XML bean definitions from file [/project/plab/performance/newtools/shadowtail/configs/jvm.xml]
2014-04-07 15:53:13 XmlBeanDefinitionReader [INFO] Loading XML bean definitions from file [/project/plab/performance/newtools/shadowtail/configs/catalina-T2.xml]
2014-04-07 15:53:13 XmlBeanDefinitionReader [INFO] Loading XML bean definitions from file [/project/plab/performance/newtools/shadowtail/configs/catalina-http.xml]
2014-04-07 15:53:13 XmlBeanDefinitionReader [INFO] Loading XML bean definitions from file [/project/plab/performance/newtools/shadowtail/configs/ibe-empty.xml]
2014-04-07 15:53:14 XmlBeanDefinitionReader [INFO] Loading XML bean definitions from file [/project/plab/performance/newtools/shadowtail/configs/default.xml]
2014-04-07 15:53:14 DefaultListableBeanFactory [INFO] Pre-instantiating singletons in org.springframework.beans.factory.support.DefaultListableBeanFactory@367bbdc6: defining beans [org.springframework.beans.factory.config.PropertyPlaceholderConfigurer#0,loadedClassCount,unloadedClassCount,serverLoad,processCpuTime,AvailableProcessors,UpTime,cpuUtilizationStatistic,threadCount,heapMemoryUsed,cmsCount,cmsTime,parNewCount,parNewTime,throughput,periodicalThroughput,jvmStatisticsList,jvm_group,MBeanFactory,httpMBean,http-ThreadsBusy,http-ThreadsCount,catalina-http-StatisticsList,catalinaStatisticsList,ibeStatisticsList,JMXAttributeAspectBean,org.springframework.aop.config.internalAutoProxyCreator,jmxAttributeGetValuePointcut,jmxAttributeGetValueAsStringPointcut,org.springframework.aop.aspectj.AspectJPointcutAdvisor#0,org.springframework.aop.aspectj.AspectJPointcutAdvisor#1,credentials,clientConnector,timestamp,dateTime,date,time,timeServer,timeStatisticsList,fileFactory,baseDir,statisticsList,group,statLogger,logTask,scheduledTask,timerFactory]; root of factory hierarchy
2014-04-07 15:53:14 CpuUtilizationStatistic [INFO] CpuUtilizationStatistic constructor
2014-04-07 15:53:14 CpuUtilizationStatistic [INFO] CpuUtilizationStatistic constructor
2014-04-07 15:53:14 CpuUtilizationStatistic [INFO] CpuUtilizationStatistic constructor
2014-04-07 15:53:14 TimerFactoryBean [INFO] Initializing Timer
2014-04-07 15:53:41 FileSystemXmlApplicationContext [INFO] Refreshing org.springframework.context.support.FileSystemXmlApplicationContext@59a04a1b: startup date [Mon Apr 07 15:53:41 CDT 2014]; root of context hierarchy
2014-04-07 15:53:41 XmlBeanDefinitionReader [INFO] Loading XML bean definitions from file [/project/plab/performance/newtools/shadowtail/configs/ssci-kiosk-B6-t1.xml]
2014-04-07 15:53:41 XmlBeanDefinitionReader [INFO] Loading XML bean definitions from file [/project/plab/performance/newtools/shadowtail/configs/jvm.xml]
2014-04-07 15:53:41 XmlBeanDefinitionReader [INFO] Loading XML bean definitions from file [/project/plab/performance/newtools/shadowtail/configs/catalina-T2.xml]
2014-04-07 15:53:41 XmlBeanDefinitionReader [INFO] Loading XML bean definitions from file [/project/plab/performance/newtools/shadowtail/configs/catalina-http.xml]
2014-04-07 15:53:41 XmlBeanDefinitionReader [INFO] Loading XML bean definitions from file [/project/plab/performance/newtools/shadowtail/configs/ibe-empty.xml]
2014-04-07 15:53:41 XmlBeanDefinitionReader [INFO] Loading XML bean definitions from file [/project/plab/performance/newtools/shadowtail/configs/default.xml]
2014-04-07 15:53:42 DefaultListableBeanFactory [INFO] Pre-instantiating singletons in org.springframework.beans.factory.support.DefaultListableBeanFactory@367bbdc6: defining beans [org.springframework.beans.factory.config.PropertyPlaceholderConfigurer#0,loadedClassCount,unloadedClassCount,serverLoad,processCpuTime,AvailableProcessors,UpTime,cpuUtilizationStatistic,threadCount,heapMemoryUsed,cmsCount,cmsTime,parNewCount,parNewTime,throughput,periodicalThroughput,jvmStatisticsList,jvm_group,MBeanFactory,httpMBean,http-ThreadsBusy,http-ThreadsCount,catalina-http-StatisticsList,catalinaStatisticsList,ibeStatisticsList,JMXAttributeAspectBean,org.springframework.aop.config.internalAutoProxyCreator,jmxAttributeGetValuePointcut,jmxAttributeGetValueAsStringPointcut,org.springframework.aop.aspectj.AspectJPointcutAdvisor#0,org.springframework.aop.aspectj.AspectJPointcutAdvisor#1,credentials,clientConnector,timestamp,dateTime,date,time,timeServer,timeStatisticsList,fileFactory,baseDir,statisticsList,group,statLogger,logTask,scheduledTask,timerFactory]; root of factory hierarchy
2014-04-07 15:53:42 CpuUtilizationStatistic [INFO] CpuUtilizationStatistic constructor
2014-04-07 15:53:42 CpuUtilizationStatistic [INFO] CpuUtilizationStatistic constructor
2014-04-07 15:53:42 CpuUtilizationStatistic [INFO] CpuUtilizationStatistic constructor
2014-04-07 15:53:42 TimerFactoryBean [INFO] Initializing Timer
2014-04-07 15:53:56 ShadowtailLogAggregator [INFO] Processing file: /project/plab/performance/newtools/shadowtail/../artifacts/SSCI/shadowtail/ssci-kiosk-B6-t1/ssci-kiosk-B6-t1-2014-04-07-0-test1.log
2014-04-07 15:53:56 ClassPathXmlApplicationContext [INFO] Refreshing org.springframework.context.support.ClassPathXmlApplicationContext@6c20a239: startup date [Mon Apr 07 15:53:56 CDT 2014]; root of context hierarchy
2014-04-07 15:53:56 XmlBeanDefinitionReader [INFO] Loading XML bean definitions from class path resource [configs/shadowtail/appenderAggregator.xml]
2014-04-07 15:53:56 XmlBeanDefinitionReader [INFO] Loading XML bean definitions from class path resource [configs/shadowtail/general.xml]
2014-04-07 15:53:56 DefaultListableBeanFactory [INFO] Pre-instantiating singletons in org.springframework.beans.factory.support.DefaultListableBeanFactory@6be3878c: defining beans [fileProcessor,Preparer]; root of factory hierarchy
2014-04-07 15:56:01 FileSystemXmlApplicationContext [INFO] Refreshing org.springframework.context.support.FileSystemXmlApplicationContext@16b1a9a8: startup date [Mon Apr 07 15:56:01 CDT 2014]; root of context hierarchy
2014-04-07 15:56:01 XmlBeanDefinitionReader [INFO] Loading XML bean definitions from file [/project/plab/performance/newtools/shadowtail/configs/ssci-kiosk-B6-t1.xml]
2014-04-07 15:56:01 XmlBeanDefinitionReader [INFO] Loading XML bean definitions from file [/project/plab/performance/newtools/shadowtail/configs/jvm.xml]
2014-04-07 15:56:01 XmlBeanDefinitionReader [INFO] Loading XML bean definitions from file [/project/plab/performance/newtools/shadowtail/configs/catalina-T2.xml]
2014-04-07 15:56:01 XmlBeanDefinitionReader [INFO] Loading XML bean definitions from file [/project/plab/performance/newtools/shadowtail/configs/catalina-http.xml]
2014-04-07 15:56:01 XmlBeanDefinitionReader [INFO] Loading XML bean definitions from file [/project/plab/performance/newtools/shadowtail/configs/ibe-empty.xml]
2014-04-07 15:56:01 XmlBeanDefinitionReader [INFO] Loading XML bean definitions from file [/project/plab/performance/newtools/shadowtail/configs/default.xml]
2014-04-07 15:56:01 DefaultListableBeanFactory [INFO] Pre-instantiating singletons in org.springframework.beans.factory.support.DefaultListableBeanFactory@2b9c47d5: defining beans [org.springframework.beans.factory.config.PropertyPlaceholderConfigurer#0,loadedClassCount,unloadedClassCount,serverLoad,processCpuTime,AvailableProcessors,UpTime,cpuUtilizationStatistic,threadCount,heapMemoryUsed,cmsCount,cmsTime,parNewCount,parNewTime,throughput,periodicalThroughput,jvmStatisticsList,jvm_group,MBeanFactory,httpMBean,http-ThreadsBusy,http-ThreadsCount,catalina-http-StatisticsList,catalinaStatisticsList,ibeStatisticsList,JMXAttributeAspectBean,org.springframework.aop.config.internalAutoProxyCreator,jmxAttributeGetValuePointcut,jmxAttributeGetValueAsStringPointcut,org.springframework.aop.aspectj.AspectJPointcutAdvisor#0,org.springframework.aop.aspectj.AspectJPointcutAdvisor#1,credentials,clientConnector,timestamp,dateTime,date,time,timeServer,timeStatisticsList,fileFactory,baseDir,statisticsList,group,statLogger,logTask,scheduledTask,timerFactory]; root of factory hierarchy
2014-04-07 15:56:02 CpuUtilizationStatistic [INFO] CpuUtilizationStatistic constructor
2014-04-07 15:56:02 CpuUtilizationStatistic [INFO] CpuUtilizationStatistic constructor
2014-04-07 15:56:02 CpuUtilizationStatistic [INFO] CpuUtilizationStatistic constructor
2014-04-07 15:56:02 TimerFactoryBean [INFO] Initializing Timer
2014-04-07 15:57:01 ShadowtailLogAggregator [INFO] Processing file: /project/plab/performance/newtools/shadowtail/../artifacts/SSCI/shadowtail/ssci-kiosk-B6-t1/ssci-kiosk-B6-t1-2014-04-07-0-Test1.log
2014-04-07 15:57:01 ClassPathXmlApplicationContext [INFO] Refreshing org.springframework.context.support.ClassPathXmlApplicationContext@1fc5524: startup date [Mon Apr 07 15:57:01 CDT 2014]; root of context hierarchy
2014-04-07 15:57:01 XmlBeanDefinitionReader [INFO] Loading XML bean definitions from class path resource [configs/shadowtail/appenderAggregator.xml]
2014-04-07 15:57:02 XmlBeanDefinitionReader [INFO] Loading XML bean definitions from class path resource [configs/shadowtail/general.xml]
2014-04-07 15:57:02 DefaultListableBeanFactory [INFO] Pre-instantiating singletons in org.springframework.beans.factory.support.DefaultListableBeanFactory@462eab5b: defining beans [fileProcessor,Preparer]; root of factory hierarchy
2014-04-07 16:35:02 FileSystemXmlApplicationContext [INFO] Refreshing org.springframework.context.support.FileSystemXmlApplicationContext@69f9603b: startup date [Mon Apr 07 16:35:02 CDT 2014]; root of context hierarchy
2014-04-07 16:35:02 XmlBeanDefinitionReader [INFO] Loading XML bean definitions from file [/project/plab/performance/newtools/shadowtail/configs/ssci-kiosk-B6-t1.xml]
2014-04-07 16:35:02 XmlBeanDefinitionReader [INFO] Loading XML bean definitions from file [/project/plab/performance/newtools/shadowtail/configs/jvm.xml]
2014-04-07 16:35:02 XmlBeanDefinitionReader [INFO] Loading XML bean definitions from file [/project/plab/performance/newtools/shadowtail/configs/catalina-T2.xml]
2014-04-07 16:35:02 XmlBeanDefinitionReader [INFO] Loading XML bean definitions from file [/project/plab/performance/newtools/shadowtail/configs/catalina-http.xml]
2014-04-07 16:35:02 XmlBeanDefinitionReader [INFO] Loading XML bean definitions from file [/project/plab/performance/newtools/shadowtail/configs/ibe-empty.xml]
2014-04-07 16:35:02 XmlBeanDefinitionReader [INFO] Loading XML bean definitions from file [/project/plab/performance/newtools/shadowtail/configs/default.xml]
2014-04-07 16:35:02 DefaultListableBeanFactory [INFO] Pre-instantiating singletons in org.springframework.beans.factory.support.DefaultListableBeanFactory@2b9c47d5: defining beans [org.springframework.beans.factory.config.PropertyPlaceholderConfigurer#0,loadedClassCount,unloadedClassCount,serverLoad,processCpuTime,AvailableProcessors,UpTime,cpuUtilizationStatistic,threadCount,heapMemoryUsed,cmsCount,cmsTime,parNewCount,parNewTime,throughput,periodicalThroughput,jvmStatisticsList,jvm_group,MBeanFactory,httpMBean,http-ThreadsBusy,http-ThreadsCount,catalina-http-StatisticsList,catalinaStatisticsList,ibeStatisticsList,JMXAttributeAspectBean,org.springframework.aop.config.internalAutoProxyCreator,jmxAttributeGetValuePointcut,jmxAttributeGetValueAsStringPointcut,org.springframework.aop.aspectj.AspectJPointcutAdvisor#0,org.springframework.aop.aspectj.AspectJPointcutAdvisor#1,credentials,clientConnector,timestamp,dateTime,date,time,timeServer,timeStatisticsList,fileFactory,baseDir,statisticsList,group,statLogger,logTask,scheduledTask,timerFactory]; root of factory hierarchy
2014-04-07 16:35:03 CpuUtilizationStatistic [INFO] CpuUtilizationStatistic constructor
2014-04-07 16:35:03 CpuUtilizationStatistic [INFO] CpuUtilizationStatistic constructor
2014-04-07 16:35:03 CpuUtilizationStatistic [INFO] CpuUtilizationStatistic constructor
2014-04-07 16:35:03 TimerFactoryBean [INFO] Initializing Timer
2014-04-07 16:36:01 ShadowtailLogAggregator [INFO] Processing file: /project/plab/performance/newtools/shadowtail/../artifacts/SSCI/shadowtail/ssci-kiosk-B6-t1/ssci-kiosk-B6-t1-2014-04-07-0-Test1.log
2014-04-07 16:36:01 ClassPathXmlApplicationContext [INFO] Refreshing org.springframework.context.support.ClassPathXmlApplicationContext@1fc5524: startup date [Mon Apr 07 16:36:01 CDT 2014]; root of context hierarchy
2014-04-07 16:36:01 XmlBeanDefinitionReader [INFO] Loading XML bean definitions from class path resource [configs/shadowtail/appenderAggregator.xml]
2014-04-07 16:36:01 XmlBeanDefinitionReader [INFO] Loading XML bean definitions from class path resource [configs/shadowtail/general.xml]
2014-04-07 16:36:01 DefaultListableBeanFactory [INFO] Pre-instantiating singletons in org.springframework.beans.factory.support.DefaultListableBeanFactory@538ce197: defining beans [fileProcessor,Preparer]; root of factory hierarchy
