2014-02-11 21:32:21 started shadowtail ssci-kiosk-B6, pid: 27072
2014-02-11 21:32:31 killing shadowtail ssci-kiosk-B6, pid: 27072
2014-02-11 21:36:19 started shadowtail ssci-kiosk-B6, pid: 28432
2014-02-11 21:36:22 killing shadowtail ssci-kiosk-B6, pid: 28432
2014-02-11 21:59:17 started shadowtail ssci-kiosk-B6, pid: 31696
2014-02-11 21:59:21 killing shadowtail ssci-kiosk-B6, pid: 31696
2014-02-12 14:29:50 started shadowtail ssci-kiosk-B6, pid: 12983
2014-02-12 14:32:44 killing shadowtail ssci-kiosk-B6, pid: 12983
2014-02-12 15:17:01 started shadowtail ssci-kiosk-B6, pid: 22742
2014-02-12 15:17:01 killing shadowtail ssci-kiosk-B6, pid: 22742
2014-02-12 15:17:02 started shadowtail ssci-kiosk-B6, pid: 23303
2014-02-12 15:17:02 killing shadowtail ssci-kiosk-B6, pid: 23303
2014-02-12 15:25:01 started shadowtail ssci-kiosk-B6, pid: 26535
2014-02-12 15:25:01 killing shadowtail ssci-kiosk-B6, pid: 26535
2014-02-12 15:28:01 started shadowtail ssci-kiosk-B6, pid: 29388
2014-02-12 15:28:01 killing shadowtail ssci-kiosk-B6, pid: 29388
2014-02-12 15:29:10 started shadowtail ssci-kiosk-B6, pid: 30403
2014-02-12 15:29:21 killing shadowtail ssci-kiosk-B6, pid: 30403
2014-02-12 15:33:01 started shadowtail ssci-kiosk-B6, pid: 2650
2014-02-12 15:33:02 killing shadowtail ssci-kiosk-B6, pid: 2650
2014-02-12 15:36:01 started shadowtail ssci-kiosk-B6, pid: 3771
2014-02-12 15:37:12 killing shadowtail ssci-kiosk-B6, pid: 3771
2014-02-12 15:39:01 started shadowtail ssci-kiosk-B6, pid: 8162
2014-02-12 15:39:01 killing shadowtail ssci-kiosk-B6, pid: 8162
2014-02-12 15:42:01 started shadowtail ssci-kiosk-B6, pid: 12601
2014-02-12 15:42:01 killing shadowtail ssci-kiosk-B6, pid: 12601
2014-02-12 15:44:21 started shadowtail ssci-kiosk-B6, pid: 14919
2014-02-12 15:44:28 killing shadowtail ssci-kiosk-B6, pid: 14919
2014-02-12 15:46:01 started shadowtail ssci-kiosk-B6, pid: 19275
2014-02-12 15:46:01 killing shadowtail ssci-kiosk-B6, pid: 19275
2014-02-12 15:49:01 started shadowtail ssci-kiosk-B6, pid: 26153
2014-02-12 15:49:01 killing shadowtail ssci-kiosk-B6, pid: 26153
2014-02-12 15:54:01 started shadowtail ssci-kiosk-B6, pid: 29243
2014-02-12 15:54:01 killing shadowtail ssci-kiosk-B6, pid: 29243
2014-02-12 16:00:01 started shadowtail ssci-kiosk-B6, pid: 32621
2014-02-12 16:00:01 killing shadowtail ssci-kiosk-B6, pid: 32621
2014-02-12 16:01:01 started shadowtail ssci-kiosk-B6, pid: 2944
2014-02-12 16:01:01 killing shadowtail ssci-kiosk-B6, pid: 2944
2014-02-12 16:04:01 started shadowtail ssci-kiosk-B6, pid: 4456
2014-02-12 16:06:01 killing shadowtail ssci-kiosk-B6, pid: 4456
2014-02-12 16:09:40 started shadowtail ssci-kiosk-B6, pid: 8557
2014-02-12 16:09:55 killing shadowtail ssci-kiosk-B6, pid: 8557
2014-02-12 16:56:01 started shadowtail ssci-kiosk-B6, pid: 14375
2014-02-12 17:01:01 killing shadowtail ssci-kiosk-B6, pid: 14375
2014-02-13 08:11:01 started shadowtail ssci-kiosk-B6, pid: 12759
2014-02-13 08:11:01 killing shadowtail ssci-kiosk-B6, pid: 12759
2014-02-14 12:37:01 started shadowtail ssci-kiosk-B6, pid: 1722
2014-02-14 12:38:01 killing shadowtail ssci-kiosk-B6-t1, pid: 1722
2014-02-14 12:40:18 started shadowtail ssci-kiosk-B6, pid: 20979
2014-02-14 12:42:06 started shadowtail ssci-kiosk-B6, pid: 21677
2014-02-14 12:42:21 killing shadowtail ssci-kiosk-B6-t1, pid: 21677
2014-02-14 12:45:48 started shadowtail ssci-kiosk-B6, pid: 23283
2014-02-14 12:46:35 killing shadowtail ssci-kiosk-B6-t1, pid: 23283
2014-02-14 12:49:01 started shadowtail ssci-kiosk-B6, pid: 26409
2014-02-14 12:50:01 killing shadowtail ssci-kiosk-B6-t1, pid: 26409
2014-02-14 12:54:01 started shadowtail ssci-kiosk-B6, pid: 14515
2014-02-14 12:55:01 killing shadowtail ssci-kiosk-B6-t1, pid: 14515
2014-02-14 13:00:01 started shadowtail ssci-kiosk-B6, pid: 19619
2014-02-14 13:01:01 killing shadowtail ssci-kiosk-B6-t1, pid: 19619
2014-02-14 13:05:01 started shadowtail ssci-kiosk-B6, pid: 31432
2014-02-14 13:08:01 killing shadowtail ssci-kiosk-B6-t1, pid: 31432
2014-02-14 13:31:01 started shadowtail ssci-kiosk-B6, pid: 12911
2014-02-14 13:43:01 killing shadowtail ssci-kiosk-B6-t1, pid: 12911
2014-02-14 14:05:01 started shadowtail ssci-kiosk-B6, pid: 32680
2014-02-14 14:06:01 killing shadowtail ssci-kiosk-B6-t1, pid: 32680
2014-02-14 14:07:01 started shadowtail ssci-kiosk-B6, pid: 15653
2014-02-14 14:07:01 killing shadowtail ssci-kiosk-B6-t1, pid: 15653
2014-02-14 14:17:01 started shadowtail ssci-kiosk-B6, pid: 24254
2014-02-14 14:18:01 killing shadowtail ssci-kiosk-B6-t1, pid: 24254
2014-02-14 15:08:01 started shadowtail ssci-kiosk-B6, pid: 22088
2014-02-14 15:09:01 killing shadowtail ssci-kiosk-B6-t1, pid: 22088
2014-02-14 15:22:01 started shadowtail ssci-kiosk-B6, pid: 30124
2014-02-14 15:31:01 killing shadowtail ssci-kiosk-B6-t1, pid: 30124
2014-02-14 15:34:01 started shadowtail ssci-kiosk-B6, pid: 8505
2014-02-14 15:34:01 killing shadowtail ssci-kiosk-B6-t1, pid: 8505
2014-02-14 15:36:01 started shadowtail ssci-kiosk-B6, pid: 12728
2014-02-14 15:37:01 killing shadowtail ssci-kiosk-B6-t1, pid: 12728
2014-02-14 15:41:01 started shadowtail ssci-kiosk-B6, pid: 18833
2014-02-14 15:41:01 killing shadowtail ssci-kiosk-B6-t1, pid: 18833
2014-02-14 15:42:01 started shadowtail ssci-kiosk-B6, pid: 22875
2014-02-14 15:44:01 killing shadowtail ssci-kiosk-B6-t1, pid: 22875
2014-02-14 15:46:01 started shadowtail ssci-kiosk-B6, pid: 28242
2014-02-14 15:47:01 killing shadowtail ssci-kiosk-B6-t1, pid: 28242
2014-02-14 15:48:01 started shadowtail ssci-kiosk-B6, pid: 1074
2014-02-14 15:49:01 killing shadowtail ssci-kiosk-B6-t1, pid: 1074
2014-02-14 15:50:01 started shadowtail ssci-kiosk-B6, pid: 6246
2014-02-14 15:51:01 killing shadowtail ssci-kiosk-B6-t1, pid: 6246
2014-02-14 15:52:01 started shadowtail ssci-kiosk-B6, pid: 11221
2014-02-14 15:53:01 killing shadowtail ssci-kiosk-B6-t1, pid: 11221
2014-02-14 16:02:01 started shadowtail ssci-kiosk-B6-t1, pid: 32567
2014-02-14 16:05:01 started shadowtail ssci-kiosk-B6, pid: 5123
2014-02-14 16:06:01 killing shadowtail ssci-kiosk-B6-t1, pid: 5123
2014-02-17 08:32:01 started shadowtail ssci-kiosk-B6, pid: 17180
2014-02-17 14:41:01 killing shadowtail ssci-kiosk-B6-t1, pid: 17180
2014-02-18 13:42:01 started shadowtail ssci-kiosk-B6, pid: 7406
2014-02-18 13:43:01 killing shadowtail ssci-kiosk-B6-t1, pid: 7406
2014-02-18 14:45:01 started shadowtail ssci-kiosk-B6, pid: 24442
2014-02-18 14:47:01 killing shadowtail ssci-kiosk-B6-t1, pid: 24442
2014-02-18 14:49:01 started shadowtail ssci-kiosk-B6, pid: 2041
2014-02-18 14:50:01 killing shadowtail ssci-kiosk-B6-t1, pid: 2041
2014-02-18 15:14:01 started shadowtail ssci-kiosk-B6, pid: 24497
2014-02-18 15:17:01 killing shadowtail ssci-kiosk-B6-t1, pid: 24497
2014-02-18 16:02:01 started shadowtail ssci-kiosk-B6, pid: 5213
2014-02-18 16:03:01 killing shadowtail ssci-kiosk-B6-t1, pid: 5213
2014-02-18 16:09:01 started shadowtail ssci-kiosk-B6, pid: 32695
2014-02-18 16:10:01 killing shadowtail ssci-kiosk-B6-t1, pid: 32695
2014-02-18 16:21:01 started shadowtail ssci-kiosk-B6, pid: 9660
2014-02-18 16:23:01 killing shadowtail ssci-kiosk-B6-t1, pid: 9660
2014-02-18 16:32:01 started shadowtail ssci-kiosk-B6, pid: 18864
2014-02-18 16:33:02 killing shadowtail ssci-kiosk-B6-t1, pid: 18864
2014-02-18 16:41:01 started shadowtail ssci-kiosk-B6, pid: 27956
2014-02-18 16:42:01 killing shadowtail ssci-kiosk-B6-t1, pid: 27956
2014-02-18 16:45:01 started shadowtail ssci-kiosk-B6, pid: 4447
2014-02-18 16:46:01 killing shadowtail ssci-kiosk-B6-t1, pid: 4447
2014-02-18 17:31:01 started shadowtail ssci-kiosk-B6, pid: 17022
2014-02-18 17:32:01 killing shadowtail ssci-kiosk-B6-t1, pid: 17022
2014-02-18 17:37:01 started shadowtail ssci-kiosk-B6, pid: 19393
2014-02-18 17:38:01 killing shadowtail ssci-kiosk-B6-t1, pid: 19393
2014-02-18 18:16:01 started shadowtail ssci-kiosk-B6, pid: 16615
2014-02-18 18:25:01 killing shadowtail ssci-kiosk-B6-t1, pid: 16615
2014-02-19 17:43:01 started shadowtail ssci-kiosk-B6, pid: 30824
2014-02-19 17:44:01 killing shadowtail ssci-kiosk-B6-t1, pid: 30824
2014-02-19 17:58:01 started shadowtail ssci-kiosk-B6, pid: 15668
2014-02-19 18:00:01 killing shadowtail ssci-kiosk-B6-t1, pid: 15668
2014-02-20 15:49:01 started shadowtail ssci-kiosk-B6, pid: 15032
2014-02-20 15:50:01 killing shadowtail ssci-kiosk-B6-t1, pid: 15032
2014-02-20 15:55:01 started shadowtail ssci-kiosk-B6, pid: 5804
2014-02-20 15:56:01 killing shadowtail ssci-kiosk-B6-t1, pid: 5804
2014-02-20 16:18:01 started shadowtail ssci-kiosk-B6, pid: 16902
2014-02-20 16:19:01 killing shadowtail ssci-kiosk-B6-t1, pid: 16902
2014-02-20 16:28:01 started shadowtail ssci-kiosk-B6, pid: 26599
2014-02-20 16:29:01 killing shadowtail ssci-kiosk-B6-t1, pid: 26599
2014-02-20 21:11:01 started shadowtail ssci-kiosk-B6, pid: 3400
2014-02-20 21:34:01 killing shadowtail ssci-kiosk-B6-t1, pid: 3400
2014-02-26 12:42:02 started shadowtail ssci-kiosk-ET, pid: 3062
2014-02-26 12:44:01 killing shadowtail ssci-kiosk-ET-t1, pid: 3062
2014-02-26 12:48:01 started shadowtail ssci-kiosk-ET, pid: 13138
2014-02-26 12:51:01 killing shadowtail ssci-kiosk-ET-t1, pid: 13138
2014-02-26 13:25:01 started shadowtail ssci-kiosk-ET, pid: 28129
2014-03-04 14:17:01 started shadowtail ssci-kiosk-B6, pid: 16752
2014-03-04 14:20:01 killing shadowtail ssci-kiosk-B6-t1, pid: 16752
2014-03-04 14:26:01 started shadowtail ssci-kiosk-B6, pid: 24471
2014-03-04 14:27:01 killing shadowtail ssci-kiosk-B6-t1, pid: 24471
2014-03-04 15:09:01 started shadowtail ssci-kiosk-B6, pid: 2071
2014-03-04 15:11:01 started shadowtail ssci-kiosk-B6, pid: 8222
2014-03-04 15:11:11 killing shadowtail ssci-kiosk-B6-t1, pid: 8222
2014-03-04 15:21:01 started shadowtail ssci-kiosk-B6, pid: 17854
2014-03-04 15:21:12 killing shadowtail ssci-kiosk-B6-t1, pid: 17854
2014-03-04 15:23:01 started shadowtail ssci-kiosk-B6, pid: 20060
2014-03-04 15:24:01 killing shadowtail ssci-kiosk-B6-t1, pid: 20060
2014-03-04 15:56:01 started shadowtail ssci-kiosk-B6, pid: 29017
2014-03-04 15:57:01 killing shadowtail ssci-kiosk-B6-t1, pid: 29017
2014-03-04 15:59:01 started shadowtail ssci-kiosk-B6, pid: 2949
2014-03-04 16:00:01 killing shadowtail ssci-kiosk-B6-t1, pid: 2949
2014-03-04 16:01:01 started shadowtail ssci-kiosk-B6, pid: 9340
2014-03-04 16:02:01 killing shadowtail ssci-kiosk-B6-t1, pid: 9340
2014-03-04 16:10:01 started shadowtail ssci-kiosk-B6, pid: 20765
2014-03-04 16:10:11 killing shadowtail ssci-kiosk-B6-t1, pid: 20765
2014-03-04 16:12:01 started shadowtail ssci-kiosk-B6, pid: 31873
2014-03-04 16:12:11 killing shadowtail ssci-kiosk-B6-t1, pid: 31873
2014-03-04 16:13:01 started shadowtail ssci-kiosk-B6, pid: 5155
2014-03-04 16:13:11 killing shadowtail ssci-kiosk-B6-t1, pid: 5155
2014-03-04 16:14:01 started shadowtail ssci-kiosk-B6, pid: 11413
2014-03-04 16:14:11 killing shadowtail ssci-kiosk-B6-t1, pid: 11413
2014-03-04 16:16:01 started shadowtail ssci-kiosk-B6, pid: 18145
2014-03-04 16:16:12 killing shadowtail ssci-kiosk-B6-t1, pid: 18145
2014-03-04 16:17:01 started shadowtail ssci-kiosk-B6, pid: 30158
2014-03-04 16:17:11 killing shadowtail ssci-kiosk-B6-t1, pid: 30158
2014-03-04 16:17:12 started shadowtail ssci-kiosk-B6, pid: 30649
2014-03-04 16:17:22 killing shadowtail ssci-kiosk-B6-t1, pid: 30649
2014-03-04 16:18:01 started shadowtail ssci-kiosk-B6, pid: 4392
2014-03-04 16:18:12 killing shadowtail ssci-kiosk-B6-t1, pid: 4392
2014-03-04 16:19:01 started shadowtail ssci-kiosk-B6, pid: 10653
2014-03-04 16:19:11 killing shadowtail ssci-kiosk-B6-t1, pid: 10653
2014-03-05 11:40:01 started shadowtail ssci-kiosk-B6, pid: 15016
2014-03-05 11:41:01 killing shadowtail ssci-kiosk-B6-t1, pid: 15016
2014-03-05 12:11:01 started shadowtail ssci-kiosk-B6, pid: 25556
2014-03-05 12:12:02 killing shadowtail ssci-kiosk-B6-t1, pid: 25556
2014-03-05 12:27:01 started shadowtail ssci-kiosk-B6, pid: 1643
2014-03-05 12:28:01 killing shadowtail ssci-kiosk-B6-t1, pid: 1643
2014-03-05 12:31:01 started shadowtail ssci-kiosk-B6, pid: 9951
2014-03-05 12:32:01 killing shadowtail ssci-kiosk-B6-t1, pid: 9951
2014-03-05 12:35:01 started shadowtail ssci-kiosk-B6, pid: 18244
2014-03-05 12:36:01 killing shadowtail ssci-kiosk-B6-t1, pid: 18244
2014-03-05 12:37:01 started shadowtail ssci-kiosk-B6, pid: 26408
2014-03-05 12:38:01 killing shadowtail ssci-kiosk-B6-t1, pid: 26408
2014-03-05 12:39:01 started shadowtail ssci-kiosk-B6, pid: 2132
2014-03-05 12:40:01 killing shadowtail ssci-kiosk-B6-t1, pid: 2132
2014-03-05 12:42:01 started shadowtail ssci-kiosk-B6, pid: 10427
2014-03-05 12:43:02 killing shadowtail ssci-kiosk-B6-t1, pid: 10427
2014-03-05 12:44:01 started shadowtail ssci-kiosk-B6, pid: 19041
2014-03-05 12:45:02 killing shadowtail ssci-kiosk-B6-t1, pid: 19041
2014-03-05 13:31:01 started shadowtail ssci-kiosk-B6, pid: 28778
2014-03-05 13:33:01 killing shadowtail ssci-kiosk-B6-t1, pid: 28778
2014-03-05 13:38:01 started shadowtail ssci-kiosk-B6, pid: 5068
2014-03-05 13:39:01 killing shadowtail ssci-kiosk-B6-t1, pid: 5068
2014-03-05 13:42:01 started shadowtail ssci-kiosk-B6, pid: 13727
2014-03-05 13:43:01 killing shadowtail ssci-kiosk-B6-t1, pid: 13727
2014-03-05 13:45:01 started shadowtail ssci-kiosk-B6, pid: 21797
2014-03-05 13:46:01 killing shadowtail ssci-kiosk-B6-t1, pid: 21797
2014-03-05 14:08:01 started shadowtail ssci-kiosk-B6, pid: 3017
2014-03-05 14:09:01 killing shadowtail ssci-kiosk-B6-t1, pid: 3017
2014-03-05 14:28:01 started shadowtail ssci-kiosk-B6, pid: 10665
2014-03-05 14:29:01 killing shadowtail ssci-kiosk-B6-t1, pid: 10665
2014-03-05 14:34:01 started shadowtail ssci-kiosk-B6, pid: 17441
2014-03-05 14:36:01 killing shadowtail ssci-kiosk-B6-t1, pid: 17441
2014-03-05 14:42:01 started shadowtail ssci-kiosk-B6, pid: 25465
2014-03-05 14:44:01 killing shadowtail ssci-kiosk-B6-t1, pid: 25465
2014-03-05 14:49:01 started shadowtail ssci-kiosk-B6, pid: 1988
2014-03-05 14:49:11 killing shadowtail ssci-kiosk-B6-t1, pid: 1988
2014-03-05 15:26:01 started shadowtail ssci-kiosk-B6, pid: 16991
2014-03-05 15:26:11 killing shadowtail ssci-kiosk-B6-t1, pid: 16991
2014-03-06 15:03:01 started shadowtail ssci-kiosk-B6, pid: 26335
2014-03-06 15:04:01 killing shadowtail ssci-kiosk-B6-t1, pid: 26335
2014-03-06 15:12:02 started shadowtail ssci-kiosk-B6, pid: 13350
2014-03-06 15:12:12 killing shadowtail ssci-kiosk-B6-t1, pid: 13350
2014-03-06 15:14:02 started shadowtail ssci-kiosk-B6, pid: 21236
2014-03-06 15:14:12 killing shadowtail ssci-kiosk-B6-t1, pid: 21236
2014-03-06 15:18:01 started shadowtail ssci-kiosk-B6, pid: 29042
2014-03-06 15:18:11 killing shadowtail ssci-kiosk-B6-t1, pid: 29042
2014-03-06 15:22:01 started shadowtail ssci-kiosk-B6, pid: 4722
2014-03-06 15:22:11 killing shadowtail ssci-kiosk-B6-t1, pid: 4722
2014-03-06 15:29:01 started shadowtail ssci-kiosk-B6, pid: 7353
2014-03-06 15:30:01 killing shadowtail ssci-kiosk-B6-t1, pid: 7353
2014-03-06 15:53:01 started shadowtail ssci-kiosk-B6, pid: 23193
2014-03-06 15:56:01 killing shadowtail ssci-kiosk-B6-t1, pid: 23193
2014-03-06 16:29:01 started shadowtail ssci-kiosk-B6, pid: 1834
2014-03-06 16:30:01 killing shadowtail ssci-kiosk-B6-t1, pid: 1834
2014-03-06 16:39:01 started shadowtail ssci-kiosk-B6, pid: 13033
2014-03-06 16:40:01 killing shadowtail ssci-kiosk-B6-t1, pid: 13033
2014-03-06 16:52:01 started shadowtail ssci-kiosk-B6, pid: 28062
2014-03-06 16:53:01 killing shadowtail ssci-kiosk-B6-t1, pid: 28062
2014-03-07 09:40:01 started shadowtail ssci-kiosk-B6, pid: 7525
2014-03-07 09:41:01 killing shadowtail ssci-kiosk-B6-t1, pid: 7525
2014-03-07 09:55:21 started shadowtail ssci-kiosk-B6, pid: 16871
2014-03-07 09:57:01 killing shadowtail ssci-kiosk-B6-t1, pid: 16871
2014-03-07 10:05:01 started shadowtail ssci-kiosk-B6, pid: 27850
2014-03-07 10:06:01 killing shadowtail ssci-kiosk-B6-t1, pid: 27850
2014-03-07 10:09:01 started shadowtail ssci-kiosk-B6, pid: 3434
2014-03-07 10:54:01 killing shadowtail ssci-kiosk-B6-t1, pid: 3434
2014-03-11 20:07:01 started shadowtail ssci-kiosk-B6, pid: 24449
2014-03-11 20:08:01 killing shadowtail ssci-kiosk-B6-t1, pid: 24449
2014-03-11 20:11:02 started shadowtail ssci-kiosk-B6, pid: 32556
2014-03-11 20:12:01 killing shadowtail ssci-kiosk-B6-t1, pid: 32556
2014-03-11 20:17:01 started shadowtail ssci-kiosk-B6, pid: 15581
2014-03-11 20:17:11 killing shadowtail ssci-kiosk-B6-t1, pid: 15581
2014-03-11 20:19:01 started shadowtail ssci-kiosk-B6, pid: 23972
2014-03-11 20:19:11 killing shadowtail ssci-kiosk-B6-t1, pid: 23972
2014-03-11 20:39:01 started shadowtail ssci-kiosk-B6, pid: 32094
2014-03-11 20:39:11 killing shadowtail ssci-kiosk-B6-t1, pid: 32094
2014-03-11 20:42:01 started shadowtail ssci-kiosk-B6, pid: 1993
2014-03-11 20:43:01 killing shadowtail ssci-kiosk-B6-t1, pid: 1993
2014-03-11 20:46:02 started shadowtail ssci-kiosk-B6, pid: 10671
2014-03-11 20:47:01 killing shadowtail ssci-kiosk-B6-t1, pid: 10671
2014-03-11 20:51:01 started shadowtail ssci-kiosk-B6, pid: 19381
2014-03-11 20:52:01 killing shadowtail ssci-kiosk-B6-t1, pid: 19381
2014-03-11 21:02:01 started shadowtail ssci-kiosk-B6, pid: 28618
2014-03-11 21:03:01 killing shadowtail ssci-kiosk-B6-t1, pid: 28618
2014-03-13 13:11:01 started shadowtail ssci-kiosk-B6, pid: 17588
2014-03-13 13:12:01 killing shadowtail ssci-kiosk-B6-t1, pid: 17588
2014-03-13 13:14:01 started shadowtail ssci-kiosk-B6, pid: 25619
2014-03-13 13:15:01 killing shadowtail ssci-kiosk-B6-t1, pid: 25619
2014-03-13 13:18:01 started shadowtail ssci-kiosk-B6, pid: 1262
2014-03-13 13:19:01 killing shadowtail ssci-kiosk-B6-t1, pid: 1262
2014-03-13 13:25:01 started shadowtail ssci-kiosk-B6, pid: 9807
2014-03-13 13:27:01 killing shadowtail ssci-kiosk-B6-t1, pid: 9807
2014-03-13 13:29:01 started shadowtail ssci-kiosk-B6, pid: 23896
2014-03-13 13:29:11 killing shadowtail ssci-kiosk-B6-t1, pid: 23896
2014-03-13 13:32:01 started shadowtail ssci-kiosk-B6, pid: 26213
2014-03-13 13:33:01 killing shadowtail ssci-kiosk-B6-t1, pid: 26213
2014-03-13 13:48:01 started shadowtail ssci-kiosk-B6, pid: 3084
2014-03-13 13:49:01 killing shadowtail ssci-kiosk-B6-t1, pid: 3084
2014-03-13 14:53:01 started shadowtail ssci-kiosk-B6, pid: 10551
2014-03-13 14:54:01 killing shadowtail ssci-kiosk-B6-t1, pid: 10551
2014-03-13 15:22:01 started shadowtail ssci-kiosk-B6, pid: 11923
2014-03-13 15:23:01 killing shadowtail ssci-kiosk-B6-t1, pid: 11923
2014-03-13 16:05:01 started shadowtail ssci-kiosk-B6, pid: 24592
2014-03-13 16:06:02 killing shadowtail ssci-kiosk-B6-t1, pid: 24592
2014-03-13 16:07:01 started shadowtail ssci-kiosk-B6, pid: 747
2014-03-13 16:08:01 killing shadowtail ssci-kiosk-B6-t1, pid: 747
2014-03-13 16:09:01 started shadowtail ssci-kiosk-B6, pid: 9531
2014-03-13 16:10:01 killing shadowtail ssci-kiosk-B6-t1, pid: 9531
2014-03-20 20:48:01 started shadowtail ssci-kiosk-B6, pid: 2770
2014-03-20 20:50:01 killing shadowtail ssci-kiosk-B6-t1, pid: 2770
2014-03-20 21:02:01 started shadowtail ssci-kiosk-B6, pid: 12820
2014-03-20 21:10:02 killing shadowtail ssci-kiosk-B6-t1, pid: 12820
2014-03-20 21:18:01 started shadowtail ssci-web-B6, pid: 22893
2014-03-20 21:19:01 killing shadowtail ssci-web-B6-t1, pid: 22893
2014-03-20 21:21:01 started shadowtail ssci-web-B6, pid: 29540
2014-03-20 21:22:02 killing shadowtail ssci-web-B6-t1, pid: 29540
2014-03-21 01:32:01 started shadowtail ssci-kiosk-B6, pid: 1285
2014-03-21 03:40:01 killing shadowtail ssci-kiosk-B6-t1, pid: 1285
2014-03-21 12:34:01 started shadowtail ssci-web-B6, pid: 17683
2014-03-21 12:35:01 killing shadowtail ssci-web-B6-t1, pid: 17683
2014-03-21 12:39:01 started shadowtail ssci-web-B6, pid: 22881
2014-03-21 12:44:01 started shadowtail ssci-web-B6, pid: 25278
2014-03-21 12:45:01 killing shadowtail ssci-web-B6-t1, pid: 25278
2014-03-21 12:45:21 started shadowtail ssci-web-B6, pid: 30091
2014-03-21 12:46:01 killing shadowtail ssci-web-B6-t1, pid: 30091
2014-03-21 12:48:56 started shadowtail ssci-web-B6, pid: 31944
2014-03-21 12:49:27 killing shadowtail ssci-web-B6-t1, pid: 31944
2014-03-21 12:51:01 started shadowtail ssci-web-B6, pid: 2381
2014-03-21 12:52:01 killing shadowtail ssci-web-B6-t1, pid: 2381
2014-03-24 19:08:01 started shadowtail ssci-web-B6, pid: 12499
2014-03-24 19:11:01 killing shadowtail ssci-web-B6-t1, pid: 12499
2014-03-24 19:30:01 started shadowtail ssci-web-B6, pid: 25322
2014-03-24 20:16:01 started shadowtail ssci-web-B6, pid: 1840
2014-03-24 22:25:01 killing shadowtail ssci-web-B6-t1, pid: 1840
2014-03-25 20:46:01 started shadowtail ssci-kiosk-B6, pid: 18532
2014-03-25 20:46:11 started shadowtail ssci-web-B6, pid: 18660
2014-03-25 20:50:01 killing shadowtail ssci-kiosk-B6-t1, pid: 18532
2014-03-25 20:50:01 killing shadowtail ssci-web-B6-t1, pid: 18660
2014-03-25 21:50:01 started shadowtail ssci-kiosk-B6, pid: 29177
2014-03-25 21:50:11 started shadowtail ssci-web-B6, pid: 29343
2014-03-25 21:53:01 killing shadowtail ssci-kiosk-B6-t1, pid: 29177
2014-03-25 21:53:01 killing shadowtail ssci-web-B6-t1, pid: 29343
2014-03-25 22:07:01 started shadowtail ssci-kiosk-B6, pid: 14426
2014-03-25 22:07:11 started shadowtail ssci-web-B6, pid: 14592
2014-03-25 22:09:01 killing shadowtail ssci-kiosk-B6-t1, pid: 14426
2014-03-25 22:09:01 killing shadowtail ssci-web-B6-t1, pid: 14592
2014-03-25 22:20:01 started shadowtail ssci-kiosk-B6, pid: 28600
2014-03-25 22:23:01 killing shadowtail ssci-kiosk-B6-t1, pid: 28600
2014-03-25 22:31:01 started shadowtail ssci-web-B6, pid: 4115
2014-03-25 22:32:01 killing shadowtail ssci-web-B6-t1, pid: 4115
2014-03-25 22:35:01 started shadowtail ssci-kiosk-B6, pid: 13198
2014-03-25 22:36:01 killing shadowtail ssci-kiosk-B6-t1, pid: 13198
2014-03-25 22:44:01 started shadowtail ssci-web-B6, pid: 25084
2014-03-25 22:45:01 killing shadowtail ssci-web-B6-t1, pid: 25084
2014-03-25 22:50:01 started shadowtail ssci-web-B6, pid: 1828
2014-03-25 22:51:01 killing shadowtail ssci-web-B6-t1, pid: 1828
2014-03-25 23:04:01 started shadowtail ssci-kiosk-B6, pid: 14011
2014-03-25 23:05:01 killing shadowtail ssci-kiosk-B6-t1, pid: 14011
2014-03-25 23:06:01 started shadowtail ssci-kiosk-B6, pid: 20208
2014-03-25 23:07:02 killing shadowtail ssci-kiosk-B6-t1, pid: 20208
2014-03-25 23:09:01 started shadowtail ssci-kiosk-B6, pid: 26716
2014-03-25 23:10:01 killing shadowtail ssci-kiosk-B6-t1, pid: 26716
2014-03-25 23:16:02 started shadowtail ssci-kiosk-B6, pid: 3779
2014-03-25 23:17:01 started shadowtail ssci-web-B6, pid: 5758
2014-03-26 04:53:01 killing shadowtail ssci-kiosk-B6-t1, pid: 3779
2014-03-26 04:54:01 killing shadowtail ssci-web-B6-t1, pid: 5758
2014-03-30 21:31:01 started shadowtail ssci-kiosk-B6, pid: 9775
2014-03-30 21:32:01 killing shadowtail ssci-kiosk-B6-t1, pid: 9775
2014-03-30 21:38:01 started shadowtail ssci-kiosk-B6, pid: 16345
2014-03-30 21:39:01 killing shadowtail ssci-kiosk-B6-t1, pid: 16345
2014-03-30 21:42:01 started shadowtail ssci-kiosk-B6, pid: 22857
2014-03-30 21:43:01 killing shadowtail ssci-kiosk-B6-t1, pid: 22857
2014-03-30 21:44:01 started shadowtail ssci-kiosk-B6, pid: 31414
2014-03-30 21:45:01 killing shadowtail ssci-kiosk-B6-t1, pid: 31414
2014-03-30 21:49:01 started shadowtail ssci-kiosk-B6, pid: 5544
2014-03-30 21:50:01 killing shadowtail ssci-kiosk-B6-t1, pid: 5544
2014-03-30 21:51:01 started shadowtail ssci-kiosk-B6, pid: 14178
2014-03-30 21:52:01 killing shadowtail ssci-kiosk-B6-t1, pid: 14178
2014-03-30 21:53:01 started shadowtail ssci-kiosk-B6, pid: 22959
2014-03-30 21:54:01 killing shadowtail ssci-kiosk-B6-t1, pid: 22959
2014-03-30 21:55:01 started shadowtail ssci-kiosk-B6, pid: 29083
2014-03-30 21:57:01 killing shadowtail ssci-kiosk-B6-t1, pid: 29083
2014-03-30 22:02:01 started shadowtail ssci-kiosk-B6, pid: 5908
2014-03-30 22:03:01 killing shadowtail ssci-kiosk-B6-t1, pid: 5908
2014-03-31 14:03:02 started shadowtail ssci-kiosk-B6, pid: 14749
2014-03-31 14:05:01 killing shadowtail ssci-kiosk-B6-t1, pid: 14749
2014-03-31 14:06:01 started shadowtail ssci-kiosk-B6, pid: 22377
2014-03-31 14:07:17 killing shadowtail ssci-kiosk-B6-t1, pid: 22377
2014-03-31 14:17:01 started shadowtail ssci-kiosk-B6, pid: 26254
2014-03-31 14:18:01 killing shadowtail ssci-kiosk-B6-t1, pid: 26254
2014-03-31 14:24:05 started shadowtail ssci-kiosk-B6, pid: 1670
2014-03-31 14:25:01 killing shadowtail ssci-kiosk-B6-t1, pid: 1670
2014-03-31 14:31:01 started shadowtail ssci-kiosk-B6, pid: 5236
2014-03-31 14:32:01 killing shadowtail ssci-kiosk-B6-t1, pid: 5236
2014-04-07 14:28:01 started shadowtail ssci-kiosk-B6, pid: 20353
2014-04-07 15:18:01 started shadowtail ssci-kiosk-B6, pid: 21299
2014-04-07 15:19:01 killing shadowtail ssci-kiosk-B6-t1, pid: 21299
2014-04-07 15:28:01 started shadowtail ssci-kiosk-B6, pid: 3014
2014-04-07 15:31:01 killing shadowtail ssci-kiosk-B6-t1, pid: 3014
2014-04-07 15:41:01 started shadowtail ssci-kiosk-B6, pid: 15523
2014-04-07 15:43:01 killing shadowtail ssci-kiosk-B6-t1, pid: 15523
2014-04-07 15:44:01 started shadowtail ssci-kiosk-B6, pid: 23602
2014-04-07 15:45:01 killing shadowtail ssci-kiosk-B6-t1, pid: 23602
2014-04-07 15:51:47 started shadowtail ssci-kiosk-B6, pid: 30328
2014-04-07 15:52:14 killing shadowtail ssci-kiosk-B6-t1, pid: 30328
2014-04-07 15:52:47 started shadowtail ssci-kiosk-B6, pid: 32531
2014-04-07 15:53:08 killing shadowtail ssci-kiosk-B6-t1, pid: 32531
2014-04-07 15:53:13 started shadowtail ssci-kiosk-B6, pid: 1872
2014-04-07 15:53:30 killing shadowtail ssci-kiosk-B6-t1, pid: 1872
2014-04-07 15:53:41 started shadowtail ssci-kiosk-B6, pid: 4005
2014-04-07 15:53:56 killing shadowtail ssci-kiosk-B6-t1, pid: 4005
2014-04-07 15:56:01 started shadowtail ssci-kiosk-B6, pid: 8066
2014-04-07 15:57:01 killing shadowtail ssci-kiosk-B6-t1, pid: 8066
2014-04-07 16:35:01 started shadowtail ssci-kiosk-B6, pid: 25930
2014-04-07 16:36:01 killing shadowtail ssci-kiosk-B6-t1, pid: 25930
