Apr 03, 2014 10:56:44 AM org.apache.catalina.core.StandardServer await
INFO: A valid shutdown command was received via the shutdown port. Stopping the Server instance.
Apr 03, 2014 10:56:44 AM org.apache.coyote.AbstractProtocol pause
INFO: Pausing ProtocolHandler ["http-bio-8040"]
Apr 03, 2014 10:56:44 AM org.apache.catalina.core.StandardService stopInternal
INFO: Stopping service Catalina
Apr 03, 2014 10:56:44 AM org.apache.coyote.AbstractProtocol stop
INFO: Stopping ProtocolHandler ["http-bio-8040"]
Apr 03, 2014 10:56:44 AM org.apache.coyote.AbstractProtocol destroy
INFO: Destroying ProtocolHandler ["http-bio-8040"]
Apr 03, 2014 10:56:54 AM org.apache.catalina.startup.Catalina initDirs
SEVERE: Cannot find specified temporary folder at ./catalina.base/SSCI//temp
Apr 03, 2014 10:56:54 AM org.apache.catalina.core.AprLifecycleListener init
INFO: The APR based Apache Tomcat Native library which allows optimal performance in production environments was not found on the java.library.path: /project/selfservice/zabbix/libssh2/lib:/project/selfservice/zabbix/apr-1.4.6/lib:/project/selfservice/zabbix/instantclient_11_2::/usr/java/packages/lib/amd64:/usr/lib64:/lib64:/lib:/usr/lib
Apr 03, 2014 10:56:54 AM org.apache.coyote.AbstractProtocol init
INFO: Initializing ProtocolHandler ["http-bio-8040"]
Apr 03, 2014 10:56:54 AM org.apache.catalina.startup.Catalina load
INFO: Initialization processed in 598 ms
Apr 03, 2014 10:56:54 AM org.apache.catalina.core.StandardService startInternal
INFO: Starting service Catalina
Apr 03, 2014 10:56:54 AM org.apache.catalina.core.StandardEngine startInternal
INFO: Starting Servlet Engine: Apache Tomcat/7.0.34
Apr 03, 2014 10:56:56 AM org.apache.coyote.AbstractProtocol start
INFO: Starting ProtocolHandler ["http-bio-8040"]
Apr 03, 2014 10:56:56 AM org.apache.catalina.startup.Catalina start
INFO: Server startup in 1702 ms
Apr 03, 2014 11:08:43 AM org.apache.catalina.core.StandardServer await
INFO: A valid shutdown command was received via the shutdown port. Stopping the Server instance.
Apr 03, 2014 11:08:43 AM org.apache.coyote.AbstractProtocol pause
INFO: Pausing ProtocolHandler ["http-bio-8040"]
Apr 03, 2014 11:08:43 AM org.apache.catalina.core.StandardService stopInternal
INFO: Stopping service Catalina
Apr 03, 2014 11:08:43 AM org.apache.coyote.AbstractProtocol stop
INFO: Stopping ProtocolHandler ["http-bio-8040"]
Apr 03, 2014 11:08:43 AM org.apache.coyote.AbstractProtocol destroy
INFO: Destroying ProtocolHandler ["http-bio-8040"]
Apr 03, 2014 11:08:46 AM org.apache.catalina.startup.Catalina initDirs
SEVERE: Cannot find specified temporary folder at ./catalina.base/SSCI//temp
Apr 03, 2014 11:08:47 AM org.apache.catalina.core.AprLifecycleListener init
INFO: The APR based Apache Tomcat Native library which allows optimal performance in production environments was not found on the java.library.path: /project/selfservice/zabbix/libssh2/lib:/project/selfservice/zabbix/apr-1.4.6/lib:/project/selfservice/zabbix/instantclient_11_2::/usr/java/packages/lib/amd64:/usr/lib64:/lib64:/lib:/usr/lib
Apr 03, 2014 11:08:47 AM org.apache.coyote.AbstractProtocol init
INFO: Initializing ProtocolHandler ["http-bio-8040"]
Apr 03, 2014 11:08:47 AM org.apache.catalina.startup.Catalina load
INFO: Initialization processed in 539 ms
Apr 03, 2014 11:08:47 AM org.apache.catalina.core.StandardService startInternal
INFO: Starting service Catalina
Apr 03, 2014 11:08:47 AM org.apache.catalina.core.StandardEngine startInternal
INFO: Starting Servlet Engine: Apache Tomcat/7.0.34
Apr 03, 2014 11:08:48 AM org.apache.coyote.AbstractProtocol start
INFO: Starting ProtocolHandler ["http-bio-8040"]
Apr 03, 2014 11:08:48 AM org.apache.catalina.startup.Catalina start
INFO: Server startup in 1558 ms
Apr 03, 2014 11:12:10 AM org.apache.catalina.core.StandardServer await
INFO: A valid shutdown command was received via the shutdown port. Stopping the Server instance.
Apr 03, 2014 11:12:10 AM org.apache.coyote.AbstractProtocol pause
INFO: Pausing ProtocolHandler ["http-bio-8040"]
Apr 03, 2014 11:12:10 AM org.apache.catalina.core.StandardService stopInternal
INFO: Stopping service Catalina
Apr 03, 2014 11:12:10 AM org.apache.coyote.AbstractProtocol stop
INFO: Stopping ProtocolHandler ["http-bio-8040"]
Apr 03, 2014 11:12:10 AM org.apache.coyote.AbstractProtocol destroy
INFO: Destroying ProtocolHandler ["http-bio-8040"]
Apr 03, 2014 11:12:26 AM org.apache.catalina.startup.Catalina initDirs
SEVERE: Cannot find specified temporary folder at ./catalina.base/SSCI//temp
Apr 03, 2014 11:12:26 AM org.apache.catalina.core.AprLifecycleListener init
INFO: The APR based Apache Tomcat Native library which allows optimal performance in production environments was not found on the java.library.path: /project/selfservice/zabbix/libssh2/lib:/project/selfservice/zabbix/apr-1.4.6/lib:/project/selfservice/zabbix/instantclient_11_2::/usr/java/packages/lib/amd64:/usr/lib64:/lib64:/lib:/usr/lib
Apr 03, 2014 11:12:27 AM org.apache.coyote.AbstractProtocol init
INFO: Initializing ProtocolHandler ["http-bio-8040"]
Apr 03, 2014 11:12:27 AM org.apache.catalina.startup.Catalina load
INFO: Initialization processed in 608 ms
Apr 03, 2014 11:12:27 AM org.apache.catalina.core.StandardService startInternal
INFO: Starting service Catalina
Apr 03, 2014 11:12:27 AM org.apache.catalina.core.StandardEngine startInternal
INFO: Starting Servlet Engine: Apache Tomcat/7.0.34
Apr 03, 2014 11:12:28 AM org.apache.coyote.AbstractProtocol start
INFO: Starting ProtocolHandler ["http-bio-8040"]
Apr 03, 2014 11:12:28 AM org.apache.catalina.startup.Catalina start
INFO: Server startup in 1466 ms
Apr 03, 2014 12:50:25 PM org.apache.catalina.core.StandardServer await
INFO: A valid shutdown command was received via the shutdown port. Stopping the Server instance.
Apr 03, 2014 12:50:25 PM org.apache.coyote.AbstractProtocol pause
INFO: Pausing ProtocolHandler ["http-bio-8040"]
Apr 03, 2014 12:50:25 PM org.apache.catalina.core.StandardService stopInternal
INFO: Stopping service Catalina
Apr 03, 2014 12:50:25 PM org.apache.coyote.AbstractProtocol stop
INFO: Stopping ProtocolHandler ["http-bio-8040"]
Apr 03, 2014 12:50:25 PM org.apache.coyote.AbstractProtocol destroy
INFO: Destroying ProtocolHandler ["http-bio-8040"]
Apr 03, 2014 12:50:28 PM org.apache.catalina.startup.Catalina initDirs
SEVERE: Cannot find specified temporary folder at ./catalina.base/SSCI//temp
Apr 03, 2014 12:50:28 PM org.apache.catalina.core.AprLifecycleListener init
INFO: The APR based Apache Tomcat Native library which allows optimal performance in production environments was not found on the java.library.path: /project/selfservice/zabbix/libssh2/lib:/project/selfservice/zabbix/apr-1.4.6/lib:/project/selfservice/zabbix/instantclient_11_2::/usr/java/packages/lib/amd64:/usr/lib64:/lib64:/lib:/usr/lib
Apr 03, 2014 12:50:28 PM org.apache.coyote.AbstractProtocol init
INFO: Initializing ProtocolHandler ["http-bio-8040"]
Apr 03, 2014 12:50:28 PM org.apache.catalina.startup.Catalina load
INFO: Initialization processed in 540 ms
Apr 03, 2014 12:50:28 PM org.apache.catalina.core.StandardService startInternal
INFO: Starting service Catalina
Apr 03, 2014 12:50:28 PM org.apache.catalina.core.StandardEngine startInternal
INFO: Starting Servlet Engine: Apache Tomcat/7.0.34
Apr 03, 2014 12:50:30 PM org.apache.coyote.AbstractProtocol start
INFO: Starting ProtocolHandler ["http-bio-8040"]
Apr 03, 2014 12:50:30 PM org.apache.catalina.startup.Catalina start
INFO: Server startup in 1516 ms
Apr 03, 2014 12:50:48 PM org.apache.catalina.core.StandardServer await
INFO: A valid shutdown command was received via the shutdown port. Stopping the Server instance.
Apr 03, 2014 12:50:48 PM org.apache.coyote.AbstractProtocol pause
INFO: Pausing ProtocolHandler ["http-bio-8040"]
Apr 03, 2014 12:50:49 PM org.apache.catalina.core.StandardService stopInternal
INFO: Stopping service Catalina
Apr 03, 2014 12:50:49 PM org.apache.coyote.AbstractProtocol stop
INFO: Stopping ProtocolHandler ["http-bio-8040"]
Apr 03, 2014 12:50:49 PM org.apache.coyote.AbstractProtocol destroy
INFO: Destroying ProtocolHandler ["http-bio-8040"]
Apr 03, 2014 12:50:51 PM org.apache.catalina.startup.Catalina initDirs
SEVERE: Cannot find specified temporary folder at ./catalina.base/SSCI//temp
Apr 03, 2014 12:50:52 PM org.apache.catalina.core.AprLifecycleListener init
INFO: The APR based Apache Tomcat Native library which allows optimal performance in production environments was not found on the java.library.path: /project/selfservice/zabbix/libssh2/lib:/project/selfservice/zabbix/apr-1.4.6/lib:/project/selfservice/zabbix/instantclient_11_2::/usr/java/packages/lib/amd64:/usr/lib64:/lib64:/lib:/usr/lib
Apr 03, 2014 12:50:52 PM org.apache.coyote.AbstractProtocol init
INFO: Initializing ProtocolHandler ["http-bio-8040"]
Apr 03, 2014 12:50:52 PM org.apache.catalina.startup.Catalina load
INFO: Initialization processed in 539 ms
Apr 03, 2014 12:50:52 PM org.apache.catalina.core.StandardService startInternal
INFO: Starting service Catalina
Apr 03, 2014 12:50:52 PM org.apache.catalina.core.StandardEngine startInternal
INFO: Starting Servlet Engine: Apache Tomcat/7.0.34
Apr 03, 2014 12:51:25 PM org.apache.catalina.util.SessionIdGenerator createSecureRandom
INFO: Creation of SecureRandom instance for session ID generation using [SHA1PRNG] took [32,587] milliseconds.
Apr 03, 2014 12:51:26 PM org.apache.coyote.AbstractProtocol start
INFO: Starting ProtocolHandler ["http-bio-8040"]
Apr 03, 2014 12:51:26 PM org.apache.catalina.startup.Catalina start
INFO: Server startup in 34180 ms
Apr 03, 2014 12:52:29 PM org.apache.catalina.core.StandardServer await
INFO: A valid shutdown command was received via the shutdown port. Stopping the Server instance.
Apr 03, 2014 12:52:29 PM org.apache.coyote.AbstractProtocol pause
INFO: Pausing ProtocolHandler ["http-bio-8040"]
Apr 03, 2014 12:52:29 PM org.apache.catalina.core.StandardService stopInternal
INFO: Stopping service Catalina
Apr 03, 2014 12:52:30 PM org.apache.coyote.AbstractProtocol stop
INFO: Stopping ProtocolHandler ["http-bio-8040"]
Apr 03, 2014 12:52:30 PM org.apache.coyote.AbstractProtocol destroy
INFO: Destroying ProtocolHandler ["http-bio-8040"]
Apr 03, 2014 12:52:32 PM org.apache.catalina.startup.Catalina initDirs
SEVERE: Cannot find specified temporary folder at ./catalina.base/SSCI//temp
Apr 03, 2014 12:52:33 PM org.apache.catalina.core.AprLifecycleListener init
INFO: The APR based Apache Tomcat Native library which allows optimal performance in production environments was not found on the java.library.path: /project/selfservice/zabbix/libssh2/lib:/project/selfservice/zabbix/apr-1.4.6/lib:/project/selfservice/zabbix/instantclient_11_2::/usr/java/packages/lib/amd64:/usr/lib64:/lib64:/lib:/usr/lib
Apr 03, 2014 12:52:33 PM org.apache.coyote.AbstractProtocol init
INFO: Initializing ProtocolHandler ["http-bio-8040"]
Apr 03, 2014 12:52:33 PM org.apache.catalina.startup.Catalina load
INFO: Initialization processed in 569 ms
Apr 03, 2014 12:52:33 PM org.apache.catalina.core.StandardService startInternal
INFO: Starting service Catalina
Apr 03, 2014 12:52:33 PM org.apache.catalina.core.StandardEngine startInternal
INFO: Starting Servlet Engine: Apache Tomcat/7.0.34
Apr 03, 2014 12:52:35 PM org.apache.coyote.AbstractProtocol start
INFO: Starting ProtocolHandler ["http-bio-8040"]
Apr 03, 2014 12:52:35 PM org.apache.catalina.startup.Catalina start
INFO: Server startup in 1563 ms
Apr 03, 2014 1:03:27 PM org.apache.catalina.core.StandardServer await
INFO: A valid shutdown command was received via the shutdown port. Stopping the Server instance.
Apr 03, 2014 1:03:27 PM org.apache.coyote.AbstractProtocol pause
INFO: Pausing ProtocolHandler ["http-bio-8040"]
Apr 03, 2014 1:03:28 PM org.apache.catalina.core.StandardService stopInternal
INFO: Stopping service Catalina
Apr 03, 2014 1:03:28 PM org.apache.coyote.AbstractProtocol stop
INFO: Stopping ProtocolHandler ["http-bio-8040"]
Apr 03, 2014 1:03:28 PM org.apache.coyote.AbstractProtocol destroy
INFO: Destroying ProtocolHandler ["http-bio-8040"]
Apr 03, 2014 1:06:28 PM org.apache.catalina.startup.Catalina initDirs
SEVERE: Cannot find specified temporary folder at ./catalina.base/SSCI//temp
Apr 03, 2014 1:06:28 PM org.apache.catalina.core.AprLifecycleListener init
INFO: The APR based Apache Tomcat Native library which allows optimal performance in production environments was not found on the java.library.path: /project/selfservice/zabbix/libssh2/lib:/project/selfservice/zabbix/apr-1.4.6/lib:/project/selfservice/zabbix/instantclient_11_2::/usr/java/packages/lib/amd64:/usr/lib64:/lib64:/lib:/usr/lib
Apr 03, 2014 1:06:28 PM org.apache.coyote.AbstractProtocol init
INFO: Initializing ProtocolHandler ["http-bio-8040"]
Apr 03, 2014 1:06:28 PM org.apache.catalina.startup.Catalina load
INFO: Initialization processed in 613 ms
Apr 03, 2014 1:06:28 PM org.apache.catalina.core.StandardService startInternal
INFO: Starting service Catalina
Apr 03, 2014 1:06:28 PM org.apache.catalina.core.StandardEngine startInternal
INFO: Starting Servlet Engine: Apache Tomcat/7.0.34
Apr 03, 2014 1:06:30 PM org.apache.coyote.AbstractProtocol start
INFO: Starting ProtocolHandler ["http-bio-8040"]
Apr 03, 2014 1:06:30 PM org.apache.catalina.startup.Catalina start
INFO: Server startup in 1529 ms
Apr 03, 2014 1:06:56 PM org.apache.catalina.core.StandardServer await
INFO: A valid shutdown command was received via the shutdown port. Stopping the Server instance.
Apr 03, 2014 1:06:56 PM org.apache.coyote.AbstractProtocol pause
INFO: Pausing ProtocolHandler ["http-bio-8040"]
Apr 03, 2014 1:06:57 PM org.apache.catalina.core.StandardService stopInternal
INFO: Stopping service Catalina
Apr 03, 2014 1:06:57 PM org.apache.coyote.AbstractProtocol stop
INFO: Stopping ProtocolHandler ["http-bio-8040"]
Apr 03, 2014 1:06:57 PM org.apache.coyote.AbstractProtocol destroy
INFO: Destroying ProtocolHandler ["http-bio-8040"]
Apr 03, 2014 1:07:01 PM org.apache.catalina.startup.Catalina initDirs
SEVERE: Cannot find specified temporary folder at ./catalina.base/SSCI//temp
Apr 03, 2014 1:07:01 PM org.apache.catalina.core.AprLifecycleListener init
INFO: The APR based Apache Tomcat Native library which allows optimal performance in production environments was not found on the java.library.path: /project/selfservice/zabbix/libssh2/lib:/project/selfservice/zabbix/apr-1.4.6/lib:/project/selfservice/zabbix/instantclient_11_2::/usr/java/packages/lib/amd64:/usr/lib64:/lib64:/lib:/usr/lib
Apr 03, 2014 1:07:02 PM org.apache.coyote.AbstractProtocol init
INFO: Initializing ProtocolHandler ["http-bio-8040"]
Apr 03, 2014 1:07:02 PM org.apache.catalina.startup.Catalina load
INFO: Initialization processed in 567 ms
Apr 03, 2014 1:07:02 PM org.apache.catalina.core.StandardService startInternal
INFO: Starting service Catalina
Apr 03, 2014 1:07:02 PM org.apache.catalina.core.StandardEngine startInternal
INFO: Starting Servlet Engine: Apache Tomcat/7.0.34
Apr 03, 2014 1:07:17 PM org.apache.catalina.util.SessionIdGenerator createSecureRandom
INFO: Creation of SecureRandom instance for session ID generation using [SHA1PRNG] took [15,047] milliseconds.
Apr 03, 2014 1:07:18 PM org.apache.coyote.AbstractProtocol start
INFO: Starting ProtocolHandler ["http-bio-8040"]
Apr 03, 2014 1:07:18 PM org.apache.catalina.startup.Catalina start
INFO: Server startup in 16534 ms
Apr 03, 2014 1:07:43 PM org.apache.catalina.core.StandardServer await
INFO: A valid shutdown command was received via the shutdown port. Stopping the Server instance.
Apr 03, 2014 1:07:43 PM org.apache.coyote.AbstractProtocol pause
INFO: Pausing ProtocolHandler ["http-bio-8040"]
Apr 03, 2014 1:07:43 PM org.apache.catalina.core.StandardService stopInternal
INFO: Stopping service Catalina
Apr 03, 2014 1:07:44 PM org.apache.coyote.AbstractProtocol stop
INFO: Stopping ProtocolHandler ["http-bio-8040"]
Apr 03, 2014 1:07:44 PM org.apache.coyote.AbstractProtocol destroy
INFO: Destroying ProtocolHandler ["http-bio-8040"]
Apr 03, 2014 1:07:46 PM org.apache.catalina.startup.Catalina initDirs
SEVERE: Cannot find specified temporary folder at ./catalina.base/SSCI//temp
Apr 03, 2014 1:07:47 PM org.apache.catalina.core.AprLifecycleListener init
INFO: The APR based Apache Tomcat Native library which allows optimal performance in production environments was not found on the java.library.path: /project/selfservice/zabbix/libssh2/lib:/project/selfservice/zabbix/apr-1.4.6/lib:/project/selfservice/zabbix/instantclient_11_2::/usr/java/packages/lib/amd64:/usr/lib64:/lib64:/lib:/usr/lib
Apr 03, 2014 1:07:47 PM org.apache.coyote.AbstractProtocol init
INFO: Initializing ProtocolHandler ["http-bio-8040"]
Apr 03, 2014 1:07:47 PM org.apache.catalina.startup.Catalina load
INFO: Initialization processed in 550 ms
Apr 03, 2014 1:07:47 PM org.apache.catalina.core.StandardService startInternal
INFO: Starting service Catalina
Apr 03, 2014 1:07:47 PM org.apache.catalina.core.StandardEngine startInternal
INFO: Starting Servlet Engine: Apache Tomcat/7.0.34
Apr 03, 2014 1:08:06 PM org.apache.catalina.util.SessionIdGenerator createSecureRandom
INFO: Creation of SecureRandom instance for session ID generation using [SHA1PRNG] took [18,258] milliseconds.
Apr 03, 2014 1:08:07 PM org.apache.coyote.AbstractProtocol start
INFO: Starting ProtocolHandler ["http-bio-8040"]
Apr 03, 2014 1:08:07 PM org.apache.catalina.startup.Catalina start
INFO: Server startup in 19879 ms
Apr 03, 2014 1:09:36 PM org.apache.catalina.core.StandardServer await
INFO: A valid shutdown command was received via the shutdown port. Stopping the Server instance.
Apr 03, 2014 1:09:36 PM org.apache.coyote.AbstractProtocol pause
INFO: Pausing ProtocolHandler ["http-bio-8040"]
Apr 03, 2014 1:09:36 PM org.apache.catalina.core.StandardService stopInternal
INFO: Stopping service Catalina
Apr 03, 2014 1:09:36 PM org.apache.coyote.AbstractProtocol stop
INFO: Stopping ProtocolHandler ["http-bio-8040"]
Apr 03, 2014 1:09:36 PM org.apache.coyote.AbstractProtocol destroy
INFO: Destroying ProtocolHandler ["http-bio-8040"]
Apr 03, 2014 1:09:39 PM org.apache.catalina.startup.Catalina initDirs
SEVERE: Cannot find specified temporary folder at ./catalina.base/SSCI//temp
Apr 03, 2014 1:09:39 PM org.apache.catalina.core.AprLifecycleListener init
INFO: The APR based Apache Tomcat Native library which allows optimal performance in production environments was not found on the java.library.path: /project/selfservice/zabbix/libssh2/lib:/project/selfservice/zabbix/apr-1.4.6/lib:/project/selfservice/zabbix/instantclient_11_2::/usr/java/packages/lib/amd64:/usr/lib64:/lib64:/lib:/usr/lib
Apr 03, 2014 1:09:40 PM org.apache.coyote.AbstractProtocol init
INFO: Initializing ProtocolHandler ["http-bio-8040"]
Apr 03, 2014 1:09:40 PM org.apache.catalina.startup.Catalina load
INFO: Initialization processed in 559 ms
Apr 03, 2014 1:09:40 PM org.apache.catalina.core.StandardService startInternal
INFO: Starting service Catalina
Apr 03, 2014 1:09:40 PM org.apache.catalina.core.StandardEngine startInternal
INFO: Starting Servlet Engine: Apache Tomcat/7.0.34
Apr 03, 2014 1:10:06 PM org.apache.catalina.util.SessionIdGenerator createSecureRandom
INFO: Creation of SecureRandom instance for session ID generation using [SHA1PRNG] took [25,947] milliseconds.
Apr 03, 2014 1:10:07 PM org.apache.coyote.AbstractProtocol start
INFO: Starting ProtocolHandler ["http-bio-8040"]
Apr 03, 2014 1:10:07 PM org.apache.catalina.startup.Catalina start
INFO: Server startup in 27507 ms
Apr 03, 2014 1:25:15 PM org.apache.catalina.core.StandardServer await
INFO: A valid shutdown command was received via the shutdown port. Stopping the Server instance.
Apr 03, 2014 1:25:15 PM org.apache.coyote.AbstractProtocol pause
INFO: Pausing ProtocolHandler ["http-bio-8040"]
Apr 03, 2014 1:25:16 PM org.apache.catalina.core.StandardService stopInternal
INFO: Stopping service Catalina
Apr 03, 2014 1:25:16 PM org.apache.coyote.AbstractProtocol stop
INFO: Stopping ProtocolHandler ["http-bio-8040"]
Apr 03, 2014 1:25:16 PM org.apache.coyote.AbstractProtocol destroy
INFO: Destroying ProtocolHandler ["http-bio-8040"]
Apr 03, 2014 1:25:19 PM org.apache.catalina.startup.Catalina initDirs
SEVERE: Cannot find specified temporary folder at ./catalina.base/SSCI//temp
Apr 03, 2014 1:25:19 PM org.apache.catalina.core.AprLifecycleListener init
INFO: The APR based Apache Tomcat Native library which allows optimal performance in production environments was not found on the java.library.path: /project/selfservice/zabbix/libssh2/lib:/project/selfservice/zabbix/apr-1.4.6/lib:/project/selfservice/zabbix/instantclient_11_2::/usr/java/packages/lib/amd64:/usr/lib64:/lib64:/lib:/usr/lib
Apr 03, 2014 1:25:19 PM org.apache.coyote.AbstractProtocol init
INFO: Initializing ProtocolHandler ["http-bio-8040"]
Apr 03, 2014 1:25:19 PM org.apache.catalina.startup.Catalina load
INFO: Initialization processed in 543 ms
Apr 03, 2014 1:25:19 PM org.apache.catalina.core.StandardService startInternal
INFO: Starting service Catalina
Apr 03, 2014 1:25:19 PM org.apache.catalina.core.StandardEngine startInternal
INFO: Starting Servlet Engine: Apache Tomcat/7.0.34
Apr 03, 2014 1:25:21 PM org.apache.coyote.AbstractProtocol start
INFO: Starting ProtocolHandler ["http-bio-8040"]
Apr 03, 2014 1:25:21 PM org.apache.catalina.startup.Catalina start
INFO: Server startup in 1525 ms
Apr 03, 2014 1:29:33 PM org.apache.catalina.core.StandardServer await
INFO: A valid shutdown command was received via the shutdown port. Stopping the Server instance.
Apr 03, 2014 1:29:33 PM org.apache.coyote.AbstractProtocol pause
INFO: Pausing ProtocolHandler ["http-bio-8040"]
Apr 03, 2014 1:29:33 PM org.apache.catalina.core.StandardService stopInternal
INFO: Stopping service Catalina
Apr 03, 2014 1:29:33 PM org.apache.coyote.AbstractProtocol stop
INFO: Stopping ProtocolHandler ["http-bio-8040"]
Apr 03, 2014 1:29:33 PM org.apache.coyote.AbstractProtocol destroy
INFO: Destroying ProtocolHandler ["http-bio-8040"]
Apr 03, 2014 1:29:36 PM org.apache.catalina.startup.Catalina initDirs
SEVERE: Cannot find specified temporary folder at ./catalina.base/SSCI//temp
Apr 03, 2014 1:29:36 PM org.apache.catalina.core.AprLifecycleListener init
INFO: The APR based Apache Tomcat Native library which allows optimal performance in production environments was not found on the java.library.path: /project/selfservice/zabbix/libssh2/lib:/project/selfservice/zabbix/apr-1.4.6/lib:/project/selfservice/zabbix/instantclient_11_2::/usr/java/packages/lib/amd64:/usr/lib64:/lib64:/lib:/usr/lib
Apr 03, 2014 1:29:37 PM org.apache.coyote.AbstractProtocol init
INFO: Initializing ProtocolHandler ["http-bio-8040"]
Apr 03, 2014 1:29:37 PM org.apache.catalina.startup.Catalina load
INFO: Initialization processed in 537 ms
Apr 03, 2014 1:29:37 PM org.apache.catalina.core.StandardService startInternal
INFO: Starting service Catalina
Apr 03, 2014 1:29:37 PM org.apache.catalina.core.StandardEngine startInternal
INFO: Starting Servlet Engine: Apache Tomcat/7.0.34
Apr 03, 2014 1:29:38 PM org.apache.coyote.AbstractProtocol start
INFO: Starting ProtocolHandler ["http-bio-8040"]
Apr 03, 2014 1:29:38 PM org.apache.catalina.startup.Catalina start
INFO: Server startup in 1534 ms
Apr 03, 2014 1:33:11 PM org.apache.catalina.core.StandardServer await
INFO: A valid shutdown command was received via the shutdown port. Stopping the Server instance.
Apr 03, 2014 1:33:11 PM org.apache.coyote.AbstractProtocol pause
INFO: Pausing ProtocolHandler ["http-bio-8040"]
Apr 03, 2014 1:33:11 PM org.apache.catalina.core.StandardService stopInternal
INFO: Stopping service Catalina
Apr 03, 2014 1:33:11 PM org.apache.coyote.AbstractProtocol stop
INFO: Stopping ProtocolHandler ["http-bio-8040"]
Apr 03, 2014 1:33:12 PM org.apache.coyote.AbstractProtocol destroy
INFO: Destroying ProtocolHandler ["http-bio-8040"]
Apr 03, 2014 1:33:15 PM org.apache.catalina.startup.Catalina initDirs
SEVERE: Cannot find specified temporary folder at ./catalina.base/SSCI//temp
Apr 03, 2014 1:33:15 PM org.apache.catalina.core.AprLifecycleListener init
INFO: The APR based Apache Tomcat Native library which allows optimal performance in production environments was not found on the java.library.path: /project/selfservice/zabbix/libssh2/lib:/project/selfservice/zabbix/apr-1.4.6/lib:/project/selfservice/zabbix/instantclient_11_2::/usr/java/packages/lib/amd64:/usr/lib64:/lib64:/lib:/usr/lib
Apr 03, 2014 1:33:16 PM org.apache.coyote.AbstractProtocol init
INFO: Initializing ProtocolHandler ["http-bio-8040"]
Apr 03, 2014 1:33:16 PM org.apache.catalina.startup.Catalina load
INFO: Initialization processed in 567 ms
Apr 03, 2014 1:33:16 PM org.apache.catalina.core.StandardService startInternal
INFO: Starting service Catalina
Apr 03, 2014 1:33:16 PM org.apache.catalina.core.StandardEngine startInternal
INFO: Starting Servlet Engine: Apache Tomcat/7.0.34
Apr 03, 2014 1:33:17 PM org.apache.coyote.AbstractProtocol start
INFO: Starting ProtocolHandler ["http-bio-8040"]
Apr 03, 2014 1:33:17 PM org.apache.catalina.startup.Catalina start
INFO: Server startup in 1634 ms
Apr 03, 2014 1:34:26 PM org.apache.catalina.core.StandardServer await
INFO: A valid shutdown command was received via the shutdown port. Stopping the Server instance.
Apr 03, 2014 1:34:26 PM org.apache.coyote.AbstractProtocol pause
INFO: Pausing ProtocolHandler ["http-bio-8040"]
Apr 03, 2014 1:34:27 PM org.apache.catalina.core.StandardService stopInternal
INFO: Stopping service Catalina
Apr 03, 2014 1:34:27 PM org.apache.coyote.AbstractProtocol stop
INFO: Stopping ProtocolHandler ["http-bio-8040"]
Apr 03, 2014 1:34:27 PM org.apache.coyote.AbstractProtocol destroy
INFO: Destroying ProtocolHandler ["http-bio-8040"]
Apr 03, 2014 1:34:29 PM org.apache.catalina.startup.Catalina initDirs
SEVERE: Cannot find specified temporary folder at ./catalina.base/SSCI//temp
Apr 03, 2014 1:34:29 PM org.apache.catalina.core.AprLifecycleListener init
INFO: The APR based Apache Tomcat Native library which allows optimal performance in production environments was not found on the java.library.path: /project/selfservice/zabbix/libssh2/lib:/project/selfservice/zabbix/apr-1.4.6/lib:/project/selfservice/zabbix/instantclient_11_2::/usr/java/packages/lib/amd64:/usr/lib64:/lib64:/lib:/usr/lib
Apr 03, 2014 1:34:30 PM org.apache.coyote.AbstractProtocol init
INFO: Initializing ProtocolHandler ["http-bio-8040"]
Apr 03, 2014 1:34:30 PM org.apache.catalina.startup.Catalina load
INFO: Initialization processed in 567 ms
Apr 03, 2014 1:34:30 PM org.apache.catalina.core.StandardService startInternal
INFO: Starting service Catalina
Apr 03, 2014 1:34:30 PM org.apache.catalina.core.StandardEngine startInternal
INFO: Starting Servlet Engine: Apache Tomcat/7.0.34
Apr 03, 2014 1:34:31 PM org.apache.coyote.AbstractProtocol start
INFO: Starting ProtocolHandler ["http-bio-8040"]
Apr 03, 2014 1:34:31 PM org.apache.catalina.startup.Catalina start
INFO: Server startup in 1600 ms
Apr 03, 2014 1:40:36 PM org.apache.catalina.core.StandardServer await
INFO: A valid shutdown command was received via the shutdown port. Stopping the Server instance.
Apr 03, 2014 1:40:36 PM org.apache.coyote.AbstractProtocol pause
INFO: Pausing ProtocolHandler ["http-bio-8040"]
Apr 03, 2014 1:40:36 PM org.apache.catalina.core.StandardService stopInternal
INFO: Stopping service Catalina
Apr 03, 2014 1:40:36 PM org.apache.coyote.AbstractProtocol stop
INFO: Stopping ProtocolHandler ["http-bio-8040"]
Apr 03, 2014 1:40:36 PM org.apache.coyote.AbstractProtocol destroy
INFO: Destroying ProtocolHandler ["http-bio-8040"]
Apr 03, 2014 1:40:38 PM org.apache.catalina.startup.Catalina initDirs
SEVERE: Cannot find specified temporary folder at ./catalina.base/SSCI//temp
Apr 03, 2014 1:40:39 PM org.apache.catalina.core.AprLifecycleListener init
INFO: The APR based Apache Tomcat Native library which allows optimal performance in production environments was not found on the java.library.path: /project/selfservice/zabbix/libssh2/lib:/project/selfservice/zabbix/apr-1.4.6/lib:/project/selfservice/zabbix/instantclient_11_2::/usr/java/packages/lib/amd64:/usr/lib64:/lib64:/lib:/usr/lib
Apr 03, 2014 1:40:39 PM org.apache.coyote.AbstractProtocol init
INFO: Initializing ProtocolHandler ["http-bio-8040"]
Apr 03, 2014 1:40:39 PM org.apache.catalina.startup.Catalina load
INFO: Initialization processed in 584 ms
Apr 03, 2014 1:40:39 PM org.apache.catalina.core.StandardService startInternal
INFO: Starting service Catalina
Apr 03, 2014 1:40:39 PM org.apache.catalina.core.StandardEngine startInternal
INFO: Starting Servlet Engine: Apache Tomcat/7.0.34
Apr 03, 2014 1:40:41 PM org.apache.coyote.AbstractProtocol start
INFO: Starting ProtocolHandler ["http-bio-8040"]
Apr 03, 2014 1:40:41 PM org.apache.catalina.startup.Catalina start
INFO: Server startup in 1628 ms
Apr 03, 2014 1:41:55 PM org.apache.catalina.core.StandardServer await
INFO: A valid shutdown command was received via the shutdown port. Stopping the Server instance.
Apr 03, 2014 1:41:55 PM org.apache.coyote.AbstractProtocol pause
INFO: Pausing ProtocolHandler ["http-bio-8040"]
Apr 03, 2014 1:41:55 PM org.apache.catalina.core.StandardService stopInternal
INFO: Stopping service Catalina
Apr 03, 2014 1:41:55 PM org.apache.coyote.AbstractProtocol stop
INFO: Stopping ProtocolHandler ["http-bio-8040"]
Apr 03, 2014 1:41:55 PM org.apache.coyote.AbstractProtocol destroy
INFO: Destroying ProtocolHandler ["http-bio-8040"]
Apr 03, 2014 1:41:58 PM org.apache.catalina.startup.Catalina initDirs
SEVERE: Cannot find specified temporary folder at ./catalina.base/SSCI//temp
Apr 03, 2014 1:41:59 PM org.apache.catalina.core.AprLifecycleListener init
INFO: The APR based Apache Tomcat Native library which allows optimal performance in production environments was not found on the java.library.path: /project/selfservice/zabbix/libssh2/lib:/project/selfservice/zabbix/apr-1.4.6/lib:/project/selfservice/zabbix/instantclient_11_2::/usr/java/packages/lib/amd64:/usr/lib64:/lib64:/lib:/usr/lib
Apr 03, 2014 1:41:59 PM org.apache.coyote.AbstractProtocol init
INFO: Initializing ProtocolHandler ["http-bio-8040"]
Apr 03, 2014 1:41:59 PM org.apache.catalina.startup.Catalina load
INFO: Initialization processed in 543 ms
Apr 03, 2014 1:41:59 PM org.apache.catalina.core.StandardService startInternal
INFO: Starting service Catalina
Apr 03, 2014 1:41:59 PM org.apache.catalina.core.StandardEngine startInternal
INFO: Starting Servlet Engine: Apache Tomcat/7.0.34
Apr 03, 2014 1:42:00 PM org.apache.coyote.AbstractProtocol start
INFO: Starting ProtocolHandler ["http-bio-8040"]
Apr 03, 2014 1:42:00 PM org.apache.catalina.startup.Catalina start
INFO: Server startup in 1531 ms
Apr 03, 2014 1:43:54 PM org.apache.catalina.core.StandardServer await
INFO: A valid shutdown command was received via the shutdown port. Stopping the Server instance.
Apr 03, 2014 1:43:54 PM org.apache.coyote.AbstractProtocol pause
INFO: Pausing ProtocolHandler ["http-bio-8040"]
Apr 03, 2014 1:43:55 PM org.apache.catalina.core.StandardService stopInternal
INFO: Stopping service Catalina
Apr 03, 2014 1:43:55 PM org.apache.coyote.AbstractProtocol stop
INFO: Stopping ProtocolHandler ["http-bio-8040"]
Apr 03, 2014 1:43:55 PM org.apache.coyote.AbstractProtocol destroy
INFO: Destroying ProtocolHandler ["http-bio-8040"]
Apr 03, 2014 1:43:57 PM org.apache.catalina.startup.Catalina initDirs
SEVERE: Cannot find specified temporary folder at ./catalina.base/SSCI//temp
Apr 03, 2014 1:43:58 PM org.apache.catalina.core.AprLifecycleListener init
INFO: The APR based Apache Tomcat Native library which allows optimal performance in production environments was not found on the java.library.path: /project/selfservice/zabbix/libssh2/lib:/project/selfservice/zabbix/apr-1.4.6/lib:/project/selfservice/zabbix/instantclient_11_2::/usr/java/packages/lib/amd64:/usr/lib64:/lib64:/lib:/usr/lib
Apr 03, 2014 1:43:58 PM org.apache.coyote.AbstractProtocol init
INFO: Initializing ProtocolHandler ["http-bio-8040"]
Apr 03, 2014 1:43:58 PM org.apache.catalina.startup.Catalina load
INFO: Initialization processed in 580 ms
Apr 03, 2014 1:43:58 PM org.apache.catalina.core.StandardService startInternal
INFO: Starting service Catalina
Apr 03, 2014 1:43:58 PM org.apache.catalina.core.StandardEngine startInternal
INFO: Starting Servlet Engine: Apache Tomcat/7.0.34
Apr 03, 2014 1:44:00 PM org.apache.coyote.AbstractProtocol start
INFO: Starting ProtocolHandler ["http-bio-8040"]
Apr 03, 2014 1:44:00 PM org.apache.catalina.startup.Catalina start
INFO: Server startup in 1527 ms
Apr 03, 2014 4:34:02 PM org.apache.catalina.core.StandardServer await
INFO: A valid shutdown command was received via the shutdown port. Stopping the Server instance.
Apr 03, 2014 4:34:02 PM org.apache.coyote.AbstractProtocol pause
INFO: Pausing ProtocolHandler ["http-bio-8040"]
Apr 03, 2014 4:34:02 PM org.apache.catalina.core.StandardService stopInternal
INFO: Stopping service Catalina
Apr 03, 2014 4:34:02 PM org.apache.coyote.AbstractProtocol stop
INFO: Stopping ProtocolHandler ["http-bio-8040"]
Apr 03, 2014 4:34:02 PM org.apache.coyote.AbstractProtocol destroy
INFO: Destroying ProtocolHandler ["http-bio-8040"]
Apr 03, 2014 4:34:05 PM org.apache.catalina.startup.Catalina initDirs
SEVERE: Cannot find specified temporary folder at ./catalina.base/SSCI//temp
Apr 03, 2014 4:34:05 PM org.apache.catalina.core.AprLifecycleListener init
INFO: The APR based Apache Tomcat Native library which allows optimal performance in production environments was not found on the java.library.path: /project/selfservice/zabbix/libssh2/lib:/project/selfservice/zabbix/apr-1.4.6/lib:/project/selfservice/zabbix/instantclient_11_2::/usr/java/packages/lib/amd64:/usr/lib64:/lib64:/lib:/usr/lib
Apr 03, 2014 4:34:05 PM org.apache.coyote.AbstractProtocol init
INFO: Initializing ProtocolHandler ["http-bio-8040"]
Apr 03, 2014 4:34:05 PM org.apache.catalina.startup.Catalina load
INFO: Initialization processed in 548 ms
Apr 03, 2014 4:34:05 PM org.apache.catalina.core.StandardService startInternal
INFO: Starting service Catalina
Apr 03, 2014 4:34:05 PM org.apache.catalina.core.StandardEngine startInternal
INFO: Starting Servlet Engine: Apache Tomcat/7.0.34
Apr 03, 2014 4:34:07 PM org.apache.coyote.AbstractProtocol start
INFO: Starting ProtocolHandler ["http-bio-8040"]
Apr 03, 2014 4:34:07 PM org.apache.catalina.startup.Catalina start
INFO: Server startup in 1496 ms
Apr 03, 2014 4:36:58 PM org.apache.catalina.core.StandardServer await
INFO: A valid shutdown command was received via the shutdown port. Stopping the Server instance.
Apr 03, 2014 4:36:58 PM org.apache.coyote.AbstractProtocol pause
INFO: Pausing ProtocolHandler ["http-bio-8040"]
Apr 03, 2014 4:36:58 PM org.apache.catalina.core.StandardService stopInternal
INFO: Stopping service Catalina
Apr 03, 2014 4:36:58 PM org.apache.coyote.AbstractProtocol stop
INFO: Stopping ProtocolHandler ["http-bio-8040"]
Apr 03, 2014 4:36:58 PM org.apache.coyote.AbstractProtocol destroy
INFO: Destroying ProtocolHandler ["http-bio-8040"]
Apr 03, 2014 4:37:01 PM org.apache.catalina.startup.Catalina initDirs
SEVERE: Cannot find specified temporary folder at ./catalina.base/SSCI//temp
Apr 03, 2014 4:37:01 PM org.apache.catalina.core.AprLifecycleListener init
INFO: The APR based Apache Tomcat Native library which allows optimal performance in production environments was not found on the java.library.path: /project/selfservice/zabbix/libssh2/lib:/project/selfservice/zabbix/apr-1.4.6/lib:/project/selfservice/zabbix/instantclient_11_2::/usr/java/packages/lib/amd64:/usr/lib64:/lib64:/lib:/usr/lib
Apr 03, 2014 4:37:02 PM org.apache.coyote.AbstractProtocol init
INFO: Initializing ProtocolHandler ["http-bio-8040"]
Apr 03, 2014 4:37:02 PM org.apache.catalina.startup.Catalina load
INFO: Initialization processed in 590 ms
Apr 03, 2014 4:37:02 PM org.apache.catalina.core.StandardService startInternal
INFO: Starting service Catalina
Apr 03, 2014 4:37:02 PM org.apache.catalina.core.StandardEngine startInternal
INFO: Starting Servlet Engine: Apache Tomcat/7.0.34
Apr 03, 2014 4:37:03 PM org.apache.coyote.AbstractProtocol start
INFO: Starting ProtocolHandler ["http-bio-8040"]
Apr 03, 2014 4:37:03 PM org.apache.catalina.startup.Catalina start
INFO: Server startup in 1518 ms
Apr 03, 2014 4:55:00 PM org.apache.catalina.core.StandardServer await
INFO: A valid shutdown command was received via the shutdown port. Stopping the Server instance.
Apr 03, 2014 4:55:00 PM org.apache.coyote.AbstractProtocol pause
INFO: Pausing ProtocolHandler ["http-bio-8040"]
Apr 03, 2014 4:55:00 PM org.apache.catalina.core.StandardService stopInternal
INFO: Stopping service Catalina
Apr 03, 2014 4:55:00 PM org.apache.coyote.AbstractProtocol stop
INFO: Stopping ProtocolHandler ["http-bio-8040"]
Apr 03, 2014 4:55:00 PM org.apache.coyote.AbstractProtocol destroy
INFO: Destroying ProtocolHandler ["http-bio-8040"]
Apr 03, 2014 4:55:03 PM org.apache.catalina.startup.Catalina initDirs
SEVERE: Cannot find specified temporary folder at ./catalina.base/SSCI//temp
Apr 03, 2014 4:55:03 PM org.apache.catalina.core.AprLifecycleListener init
INFO: The APR based Apache Tomcat Native library which allows optimal performance in production environments was not found on the java.library.path: /project/selfservice/zabbix/libssh2/lib:/project/selfservice/zabbix/apr-1.4.6/lib:/project/selfservice/zabbix/instantclient_11_2::/usr/java/packages/lib/amd64:/usr/lib64:/lib64:/lib:/usr/lib
Apr 03, 2014 4:55:03 PM org.apache.coyote.AbstractProtocol init
INFO: Initializing ProtocolHandler ["http-bio-8040"]
Apr 03, 2014 4:55:03 PM org.apache.catalina.startup.Catalina load
INFO: Initialization processed in 584 ms
Apr 03, 2014 4:55:03 PM org.apache.catalina.core.StandardService startInternal
INFO: Starting service Catalina
Apr 03, 2014 4:55:03 PM org.apache.catalina.core.StandardEngine startInternal
INFO: Starting Servlet Engine: Apache Tomcat/7.0.34
Apr 03, 2014 4:55:05 PM org.apache.coyote.AbstractProtocol start
INFO: Starting ProtocolHandler ["http-bio-8040"]
Apr 03, 2014 4:55:05 PM org.apache.catalina.startup.Catalina start
INFO: Server startup in 1525 ms
Apr 03, 2014 5:03:26 PM org.apache.catalina.core.StandardServer await
INFO: A valid shutdown command was received via the shutdown port. Stopping the Server instance.
Apr 03, 2014 5:03:26 PM org.apache.coyote.AbstractProtocol pause
INFO: Pausing ProtocolHandler ["http-bio-8040"]
Apr 03, 2014 5:03:26 PM org.apache.catalina.core.StandardService stopInternal
INFO: Stopping service Catalina
Apr 03, 2014 5:03:26 PM org.apache.coyote.AbstractProtocol stop
INFO: Stopping ProtocolHandler ["http-bio-8040"]
Apr 03, 2014 5:03:26 PM org.apache.coyote.AbstractProtocol destroy
INFO: Destroying ProtocolHandler ["http-bio-8040"]
Apr 03, 2014 5:03:31 PM org.apache.catalina.startup.Catalina initDirs
SEVERE: Cannot find specified temporary folder at ./catalina.base/SSCI//temp
Apr 03, 2014 5:03:31 PM org.apache.catalina.core.AprLifecycleListener init
INFO: The APR based Apache Tomcat Native library which allows optimal performance in production environments was not found on the java.library.path: /project/selfservice/zabbix/libssh2/lib:/project/selfservice/zabbix/apr-1.4.6/lib:/project/selfservice/zabbix/instantclient_11_2::/usr/java/packages/lib/amd64:/usr/lib64:/lib64:/lib:/usr/lib
Apr 03, 2014 5:03:31 PM org.apache.coyote.AbstractProtocol init
INFO: Initializing ProtocolHandler ["http-bio-8040"]
Apr 03, 2014 5:03:31 PM org.apache.catalina.startup.Catalina load
INFO: Initialization processed in 549 ms
Apr 03, 2014 5:03:31 PM org.apache.catalina.core.StandardService startInternal
INFO: Starting service Catalina
Apr 03, 2014 5:03:31 PM org.apache.catalina.core.StandardEngine startInternal
INFO: Starting Servlet Engine: Apache Tomcat/7.0.34
Apr 03, 2014 5:03:54 PM org.apache.catalina.util.SessionIdGenerator createSecureRandom
INFO: Creation of SecureRandom instance for session ID generation using [SHA1PRNG] took [22,613] milliseconds.
Apr 03, 2014 5:03:56 PM org.apache.coyote.AbstractProtocol start
INFO: Starting ProtocolHandler ["http-bio-8040"]
Apr 03, 2014 5:03:56 PM org.apache.catalina.startup.Catalina start
INFO: Server startup in 24095 ms
Apr 03, 2014 5:04:14 PM org.apache.catalina.core.StandardServer await
INFO: A valid shutdown command was received via the shutdown port. Stopping the Server instance.
Apr 03, 2014 5:04:14 PM org.apache.coyote.AbstractProtocol pause
INFO: Pausing ProtocolHandler ["http-bio-8040"]
Apr 03, 2014 5:04:14 PM org.apache.catalina.core.StandardService stopInternal
INFO: Stopping service Catalina
Apr 03, 2014 5:04:14 PM org.apache.coyote.AbstractProtocol stop
INFO: Stopping ProtocolHandler ["http-bio-8040"]
Apr 03, 2014 5:04:14 PM org.apache.coyote.AbstractProtocol destroy
INFO: Destroying ProtocolHandler ["http-bio-8040"]
Apr 03, 2014 5:04:17 PM org.apache.catalina.startup.Catalina initDirs
SEVERE: Cannot find specified temporary folder at ./catalina.base/SSCI//temp
Apr 03, 2014 5:04:17 PM org.apache.catalina.core.AprLifecycleListener init
INFO: The APR based Apache Tomcat Native library which allows optimal performance in production environments was not found on the java.library.path: /project/selfservice/zabbix/libssh2/lib:/project/selfservice/zabbix/apr-1.4.6/lib:/project/selfservice/zabbix/instantclient_11_2::/usr/java/packages/lib/amd64:/usr/lib64:/lib64:/lib:/usr/lib
Apr 03, 2014 5:04:17 PM org.apache.coyote.AbstractProtocol init
INFO: Initializing ProtocolHandler ["http-bio-8040"]
Apr 03, 2014 5:04:17 PM org.apache.catalina.startup.Catalina load
INFO: Initialization processed in 539 ms
Apr 03, 2014 5:04:17 PM org.apache.catalina.core.StandardService startInternal
INFO: Starting service Catalina
Apr 03, 2014 5:04:17 PM org.apache.catalina.core.StandardEngine startInternal
INFO: Starting Servlet Engine: Apache Tomcat/7.0.34
Apr 03, 2014 5:04:40 PM org.apache.catalina.util.SessionIdGenerator createSecureRandom
INFO: Creation of SecureRandom instance for session ID generation using [SHA1PRNG] took [22,357] milliseconds.
Apr 03, 2014 5:04:41 PM org.apache.catalina.core.StandardContext resourcesStart
SEVERE: Error starting static Resources
java.lang.IllegalArgumentException: Document base /project/plab/performance/newtools/web/catalina.base/SSCI/webapp/../../../../PTM-TestViewer/ptmTestViewerSSCI.html does not exist or is not a readable directory
	at org.apache.naming.resources.FileDirContext.setDocBase(FileDirContext.java:138)
	at org.apache.catalina.core.StandardContext.resourcesStart(StandardContext.java:4906)
	at org.apache.catalina.core.StandardContext.startInternal(StandardContext.java:5086)
	at org.apache.catalina.util.LifecycleBase.start(LifecycleBase.java:150)
	at org.apache.catalina.core.ContainerBase$StartChild.call(ContainerBase.java:1559)
	at org.apache.catalina.core.ContainerBase$StartChild.call(ContainerBase.java:1549)
	at java.util.concurrent.FutureTask$Sync.innerRun(FutureTask.java:334)
	at java.util.concurrent.FutureTask.run(FutureTask.java:166)
	at java.util.concurrent.ThreadPoolExecutor.runWorker(ThreadPoolExecutor.java:1110)
	at java.util.concurrent.ThreadPoolExecutor$Worker.run(ThreadPoolExecutor.java:603)
	at java.lang.Thread.run(Thread.java:722)

Apr 03, 2014 5:04:41 PM org.apache.catalina.core.StandardContext startInternal
SEVERE: Error in resourceStart()
Apr 03, 2014 5:04:41 PM org.apache.catalina.core.StandardContext startInternal
SEVERE: Error getConfigured
Apr 03, 2014 5:04:41 PM org.apache.catalina.core.StandardContext startInternal
SEVERE: Context [/PTM-TestViewer] startup failed due to previous errors
Apr 03, 2014 5:04:41 PM org.apache.coyote.AbstractProtocol start
INFO: Starting ProtocolHandler ["http-bio-8040"]
Apr 03, 2014 5:04:41 PM org.apache.catalina.startup.Catalina start
INFO: Server startup in 23510 ms
Apr 03, 2014 5:05:03 PM org.apache.catalina.core.StandardServer await
INFO: A valid shutdown command was received via the shutdown port. Stopping the Server instance.
Apr 03, 2014 5:05:03 PM org.apache.coyote.AbstractProtocol pause
INFO: Pausing ProtocolHandler ["http-bio-8040"]
Apr 03, 2014 5:05:03 PM org.apache.catalina.core.StandardService stopInternal
INFO: Stopping service Catalina
Apr 03, 2014 5:05:03 PM org.apache.coyote.AbstractProtocol stop
INFO: Stopping ProtocolHandler ["http-bio-8040"]
Apr 03, 2014 5:05:03 PM org.apache.coyote.AbstractProtocol destroy
INFO: Destroying ProtocolHandler ["http-bio-8040"]
Apr 03, 2014 5:05:05 PM org.apache.catalina.startup.Catalina initDirs
SEVERE: Cannot find specified temporary folder at ./catalina.base/SSCI//temp
Apr 03, 2014 5:05:06 PM org.apache.catalina.core.AprLifecycleListener init
INFO: The APR based Apache Tomcat Native library which allows optimal performance in production environments was not found on the java.library.path: /project/selfservice/zabbix/libssh2/lib:/project/selfservice/zabbix/apr-1.4.6/lib:/project/selfservice/zabbix/instantclient_11_2::/usr/java/packages/lib/amd64:/usr/lib64:/lib64:/lib:/usr/lib
Apr 03, 2014 5:05:06 PM org.apache.coyote.AbstractProtocol init
INFO: Initializing ProtocolHandler ["http-bio-8040"]
Apr 03, 2014 5:05:06 PM org.apache.catalina.startup.Catalina load
INFO: Initialization processed in 592 ms
Apr 03, 2014 5:05:06 PM org.apache.catalina.core.StandardService startInternal
INFO: Starting service Catalina
Apr 03, 2014 5:05:06 PM org.apache.catalina.core.StandardEngine startInternal
INFO: Starting Servlet Engine: Apache Tomcat/7.0.34
Apr 03, 2014 5:05:20 PM org.apache.catalina.util.SessionIdGenerator createSecureRandom
INFO: Creation of SecureRandom instance for session ID generation using [SHA1PRNG] took [13,676] milliseconds.
Apr 03, 2014 5:05:21 PM org.apache.coyote.AbstractProtocol start
INFO: Starting ProtocolHandler ["http-bio-8040"]
Apr 03, 2014 5:05:21 PM org.apache.catalina.startup.Catalina start
INFO: Server startup in 15236 ms
